{"C:\\Users\\admin\\OneDrive\\Máy tính\\epark-be\\controllers\\customerCard.controller.js": {"path":"C:\\Users\\admin\\OneDrive\\Máy tính\\epark-be\\controllers\\customerCard.controller.js","statementMap":{},"fnMap":{},"branchMap":{},"s":{},"f":{},"b":{}}
,"C:\\Users\\admin\\OneDrive\\Máy tính\\epark-be\\controllers\\equipment.controller.js": {"path":"C:\\Users\\admin\\OneDrive\\Máy tính\\epark-be\\controllers\\equipment.controller.js","statementMap":{"0":{"start":{"line":2,"column":18},"end":{"line":2,"column":57}},"1":{"start":{"line":3,"column":26},"end":{"line":3,"column":60}},"2":{"start":{"line":4,"column":13},"end":{"line":4,"column":47}},"3":{"start":{"line":5,"column":17},"end":{"line":5,"column":55}},"4":{"start":{"line":7,"column":25},"end":{"line":14,"column":1}},"5":{"start":{"line":8,"column":2},"end":{"line":13,"column":3}},"6":{"start":{"line":9,"column":22},"end":{"line":9,"column":46}},"7":{"start":{"line":10,"column":4},"end":{"line":10,"column":36}},"8":{"start":{"line":12,"column":4},"end":{"line":12,"column":53}},"9":{"start":{"line":16,"column":21},"end":{"line":24,"column":1}},"10":{"start":{"line":17,"column":2},"end":{"line":23,"column":3}},"11":{"start":{"line":18,"column":19},"end":{"line":18,"column":29}},"12":{"start":{"line":19,"column":22},"end":{"line":19,"column":50}},"13":{"start":{"line":20,"column":4},"end":{"line":20,"column":36}},"14":{"start":{"line":22,"column":4},"end":{"line":22,"column":53}},"15":{"start":{"line":26,"column":29},"end":{"line":34,"column":1}},"16":{"start":{"line":27,"column":2},"end":{"line":33,"column":3}},"17":{"start":{"line":28,"column":23},"end":{"line":28,"column":33}},"18":{"start":{"line":29,"column":22},"end":{"line":29,"column":62}},"19":{"start":{"line":30,"column":4},"end":{"line":30,"column":36}},"20":{"start":{"line":32,"column":4},"end":{"line":32,"column":53}},"21":{"start":{"line":36,"column":24},"end":{"line":77,"column":1}},"22":{"start":{"line":37,"column":2},"end":{"line":76,"column":3}},"23":{"start":{"line":38,"column":62},"end":{"line":38,"column":70}},"24":{"start":{"line":40,"column":17},"end":{"line":40,"column":59}},"25":{"start":{"line":42,"column":18},"end":{"line":42,"column":32}},"26":{"start":{"line":43,"column":17},"end":{"line":43,"column":34}},"27":{"start":{"line":44,"column":22},"end":{"line":44,"column":73}},"28":{"start":{"line":45,"column":4},"end":{"line":45,"column":53}},"29":{"start":{"line":47,"column":23},"end":{"line":47,"column":34}},"30":{"start":{"line":48,"column":25},"end":{"line":52,"column":5}},"31":{"start":{"line":53,"column":4},"end":{"line":53,"column":30}},"32":{"start":{"line":55,"column":27},"end":{"line":58,"column":5}},"33":{"start":{"line":59,"column":4},"end":{"line":64,"column":5}},"34":{"start":{"line":60,"column":6},"end":{"line":63,"column":9}},"35":{"start":{"line":65,"column":4},"end":{"line":73,"column":7}},"36":{"start":{"line":75,"column":4},"end":{"line":75,"column":53}},"37":{"start":{"line":79,"column":24},"end":{"line":94,"column":1}},"38":{"start":{"line":80,"column":2},"end":{"line":93,"column":3}},"39":{"start":{"line":81,"column":19},"end":{"line":81,"column":29}},"40":{"start":{"line":82,"column":22},"end":{"line":82,"column":69}},"41":{"start":{"line":84,"column":4},"end":{"line":86,"column":5}},"42":{"start":{"line":85,"column":6},"end":{"line":85,"column":73}},"43":{"start":{"line":88,"column":29},"end":{"line":88,"column":57}},"44":{"start":{"line":90,"column":4},"end":{"line":90,"column":43}},"45":{"start":{"line":92,"column":4},"end":{"line":92,"column":53}},"46":{"start":{"line":96,"column":24},"end":{"line":109,"column":1}},"47":{"start":{"line":97,"column":2},"end":{"line":108,"column":3}},"48":{"start":{"line":98,"column":19},"end":{"line":98,"column":29}},"49":{"start":{"line":99,"column":22},"end":{"line":99,"column":59}},"50":{"start":{"line":101,"column":4},"end":{"line":103,"column":5}},"51":{"start":{"line":102,"column":6},"end":{"line":102,"column":73}},"52":{"start":{"line":105,"column":4},"end":{"line":105,"column":36}},"53":{"start":{"line":107,"column":4},"end":{"line":107,"column":53}},"54":{"start":{"line":111,"column":38},"end":{"line":172,"column":1}},"55":{"start":{"line":112,"column":2},"end":{"line":171,"column":3}},"56":{"start":{"line":113,"column":4},"end":{"line":115,"column":5}},"57":{"start":{"line":114,"column":6},"end":{"line":114,"column":57}},"58":{"start":{"line":117,"column":21},"end":{"line":117,"column":56}},"59":{"start":{"line":118,"column":4},"end":{"line":120,"column":5}},"60":{"start":{"line":119,"column":6},"end":{"line":119,"column":51}},"61":{"start":{"line":123,"column":23},"end":{"line":123,"column":40}},"62":{"start":{"line":124,"column":23},"end":{"line":127,"column":5}},"63":{"start":{"line":125,"column":21},"end":{"line":125,"column":52}},"64":{"start":{"line":129,"column":23},"end":{"line":146,"column":5}},"65":{"start":{"line":136,"column":56},"end":{"line":142,"column":9}},"66":{"start":{"line":149,"column":20},"end":{"line":149,"column":51}},"67":{"start":{"line":151,"column":23},"end":{"line":158,"column":5}},"68":{"start":{"line":168,"column":4},"end":{"line":168,"column":22}},"69":{"start":{"line":170,"column":4},"end":{"line":170,"column":16}},"70":{"start":{"line":174,"column":43},"end":{"line":257,"column":1}},"71":{"start":{"line":175,"column":2},"end":{"line":256,"column":3}},"72":{"start":{"line":176,"column":63},"end":{"line":176,"column":71}},"73":{"start":{"line":178,"column":4},"end":{"line":183,"column":5}},"74":{"start":{"line":179,"column":6},"end":{"line":182,"column":9}},"75":{"start":{"line":184,"column":21},"end":{"line":184,"column":56}},"76":{"start":{"line":185,"column":4},"end":{"line":190,"column":5}},"77":{"start":{"line":186,"column":6},"end":{"line":189,"column":9}},"78":{"start":{"line":192,"column":23},"end":{"line":192,"column":67}},"79":{"start":{"line":192,"column":56},"end":{"line":192,"column":63}},"80":{"start":{"line":193,"column":28},"end":{"line":196,"column":5}},"81":{"start":{"line":194,"column":21},"end":{"line":194,"column":48}},"82":{"start":{"line":199,"column":28},"end":{"line":218,"column":5}},"83":{"start":{"line":207,"column":56},"end":{"line":213,"column":9}},"84":{"start":{"line":221,"column":20},"end":{"line":221,"column":56}},"85":{"start":{"line":224,"column":27},"end":{"line":235,"column":6}},"86":{"start":{"line":225,"column":6},"end":{"line":234,"column":9}},"87":{"start":{"line":237,"column":4},"end":{"line":237,"column":38}},"88":{"start":{"line":239,"column":4},"end":{"line":249,"column":7}},"89":{"start":{"line":251,"column":4},"end":{"line":251,"column":59}},"90":{"start":{"line":252,"column":4},"end":{"line":255,"column":7}},"91":{"start":{"line":259,"column":30},"end":{"line":281,"column":1}},"92":{"start":{"line":260,"column":2},"end":{"line":280,"column":3}},"93":{"start":{"line":261,"column":36},"end":{"line":261,"column":44}},"94":{"start":{"line":262,"column":22},"end":{"line":262,"column":59}},"95":{"start":{"line":263,"column":4},"end":{"line":268,"column":5}},"96":{"start":{"line":264,"column":6},"end":{"line":267,"column":9}},"97":{"start":{"line":269,"column":4},"end":{"line":269,"column":30}},"98":{"start":{"line":270,"column":4},"end":{"line":270,"column":27}},"99":{"start":{"line":271,"column":4},"end":{"line":274,"column":7}},"100":{"start":{"line":276,"column":4},"end":{"line":279,"column":7}},"101":{"start":{"line":283,"column":0},"end":{"line":293,"column":2}}},"fnMap":{"0":{"name":"(anonymous_0)","decl":{"start":{"line":7,"column":25},"end":{"line":7,"column":26}},"loc":{"start":{"line":7,"column":45},"end":{"line":14,"column":1}},"line":7},"1":{"name":"(anonymous_1)","decl":{"start":{"line":16,"column":21},"end":{"line":16,"column":22}},"loc":{"start":{"line":16,"column":41},"end":{"line":24,"column":1}},"line":16},"2":{"name":"(anonymous_2)","decl":{"start":{"line":26,"column":29},"end":{"line":26,"column":30}},"loc":{"start":{"line":26,"column":49},"end":{"line":34,"column":1}},"line":26},"3":{"name":"(anonymous_3)","decl":{"start":{"line":36,"column":24},"end":{"line":36,"column":25}},"loc":{"start":{"line":36,"column":44},"end":{"line":77,"column":1}},"line":36},"4":{"name":"(anonymous_4)","decl":{"start":{"line":79,"column":24},"end":{"line":79,"column":25}},"loc":{"start":{"line":79,"column":44},"end":{"line":94,"column":1}},"line":79},"5":{"name":"(anonymous_5)","decl":{"start":{"line":96,"column":24},"end":{"line":96,"column":25}},"loc":{"start":{"line":96,"column":44},"end":{"line":109,"column":1}},"line":96},"6":{"name":"(anonymous_6)","decl":{"start":{"line":111,"column":38},"end":{"line":111,"column":39}},"loc":{"start":{"line":111,"column":79},"end":{"line":172,"column":1}},"line":111},"7":{"name":"(anonymous_7)","decl":{"start":{"line":125,"column":6},"end":{"line":125,"column":7}},"loc":{"start":{"line":125,"column":21},"end":{"line":125,"column":52}},"line":125},"8":{"name":"(anonymous_8)","decl":{"start":{"line":136,"column":40},"end":{"line":136,"column":41}},"loc":{"start":{"line":136,"column":56},"end":{"line":142,"column":9}},"line":136},"9":{"name":"(anonymous_9)","decl":{"start":{"line":174,"column":43},"end":{"line":174,"column":44}},"loc":{"start":{"line":174,"column":63},"end":{"line":257,"column":1}},"line":174},"10":{"name":"(anonymous_10)","decl":{"start":{"line":192,"column":41},"end":{"line":192,"column":42}},"loc":{"start":{"line":192,"column":56},"end":{"line":192,"column":63}},"line":192},"11":{"name":"(anonymous_11)","decl":{"start":{"line":194,"column":6},"end":{"line":194,"column":7}},"loc":{"start":{"line":194,"column":21},"end":{"line":194,"column":48}},"line":194},"12":{"name":"(anonymous_12)","decl":{"start":{"line":207,"column":40},"end":{"line":207,"column":41}},"loc":{"start":{"line":207,"column":56},"end":{"line":213,"column":9}},"line":207},"13":{"name":"(anonymous_13)","decl":{"start":{"line":224,"column":42},"end":{"line":224,"column":43}},"loc":{"start":{"line":224,"column":63},"end":{"line":235,"column":5}},"line":224},"14":{"name":"(anonymous_14)","decl":{"start":{"line":259,"column":30},"end":{"line":259,"column":31}},"loc":{"start":{"line":259,"column":50},"end":{"line":281,"column":1}},"line":259}},"branchMap":{"0":{"loc":{"start":{"line":51,"column":6},"end":{"line":51,"column":76}},"type":"binary-expr","locations":[{"start":{"line":51,"column":6},"end":{"line":51,"column":11}},{"start":{"line":51,"column":15},"end":{"line":51,"column":76}}],"line":51},"1":{"loc":{"start":{"line":59,"column":4},"end":{"line":64,"column":5}},"type":"if","locations":[{"start":{"line":59,"column":4},"end":{"line":64,"column":5}},{"start":{},"end":{}}],"line":59},"2":{"loc":{"start":{"line":84,"column":4},"end":{"line":86,"column":5}},"type":"if","locations":[{"start":{"line":84,"column":4},"end":{"line":86,"column":5}},{"start":{},"end":{}}],"line":84},"3":{"loc":{"start":{"line":101,"column":4},"end":{"line":103,"column":5}},"type":"if","locations":[{"start":{"line":101,"column":4},"end":{"line":103,"column":5}},{"start":{},"end":{}}],"line":101},"4":{"loc":{"start":{"line":113,"column":4},"end":{"line":115,"column":5}},"type":"if","locations":[{"start":{"line":113,"column":4},"end":{"line":115,"column":5}},{"start":{},"end":{}}],"line":113},"5":{"loc":{"start":{"line":113,"column":8},"end":{"line":113,"column":76}},"type":"binary-expr","locations":[{"start":{"line":113,"column":8},"end":{"line":113,"column":19}},{"start":{"line":113,"column":23},"end":{"line":113,"column":49}},{"start":{"line":113,"column":53},"end":{"line":113,"column":76}}],"line":113},"6":{"loc":{"start":{"line":118,"column":4},"end":{"line":120,"column":5}},"type":"if","locations":[{"start":{"line":118,"column":4},"end":{"line":120,"column":5}},{"start":{},"end":{}}],"line":118},"7":{"loc":{"start":{"line":125,"column":28},"end":{"line":125,"column":51}},"type":"binary-expr","locations":[{"start":{"line":125,"column":28},"end":{"line":125,"column":46}},{"start":{"line":125,"column":50},"end":{"line":125,"column":51}}],"line":125},"8":{"loc":{"start":{"line":141,"column":23},"end":{"line":141,"column":67}},"type":"binary-expr","locations":[{"start":{"line":141,"column":23},"end":{"line":141,"column":44}},{"start":{"line":141,"column":48},"end":{"line":141,"column":67}}],"line":141},"9":{"loc":{"start":{"line":178,"column":4},"end":{"line":183,"column":5}},"type":"if","locations":[{"start":{"line":178,"column":4},"end":{"line":183,"column":5}},{"start":{},"end":{}}],"line":178},"10":{"loc":{"start":{"line":178,"column":8},"end":{"line":178,"column":76}},"type":"binary-expr","locations":[{"start":{"line":178,"column":8},"end":{"line":178,"column":19}},{"start":{"line":178,"column":23},"end":{"line":178,"column":49}},{"start":{"line":178,"column":53},"end":{"line":178,"column":76}}],"line":178},"11":{"loc":{"start":{"line":185,"column":4},"end":{"line":190,"column":5}},"type":"if","locations":[{"start":{"line":185,"column":4},"end":{"line":190,"column":5}},{"start":{},"end":{}}],"line":185},"12":{"loc":{"start":{"line":204,"column":10},"end":{"line":204,"column":79}},"type":"binary-expr","locations":[{"start":{"line":204,"column":10},"end":{"line":204,"column":15}},{"start":{"line":204,"column":19},"end":{"line":204,"column":79}}],"line":204},"13":{"loc":{"start":{"line":206,"column":25},"end":{"line":206,"column":54}},"type":"binary-expr","locations":[{"start":{"line":206,"column":25},"end":{"line":206,"column":40}},{"start":{"line":206,"column":44},"end":{"line":206,"column":54}}],"line":206},"14":{"loc":{"start":{"line":212,"column":23},"end":{"line":212,"column":65}},"type":"binary-expr","locations":[{"start":{"line":212,"column":23},"end":{"line":212,"column":44}},{"start":{"line":212,"column":48},"end":{"line":212,"column":65}}],"line":212},"15":{"loc":{"start":{"line":229,"column":18},"end":{"line":229,"column":47}},"type":"binary-expr","locations":[{"start":{"line":229,"column":18},"end":{"line":229,"column":33}},{"start":{"line":229,"column":37},"end":{"line":229,"column":47}}],"line":229},"16":{"loc":{"start":{"line":230,"column":25},"end":{"line":230,"column":67}},"type":"binary-expr","locations":[{"start":{"line":230,"column":25},"end":{"line":230,"column":46}},{"start":{"line":230,"column":50},"end":{"line":230,"column":67}}],"line":230},"17":{"loc":{"start":{"line":246,"column":27},"end":{"line":246,"column":56}},"type":"binary-expr","locations":[{"start":{"line":246,"column":27},"end":{"line":246,"column":42}},{"start":{"line":246,"column":46},"end":{"line":246,"column":56}}],"line":246},"18":{"loc":{"start":{"line":263,"column":4},"end":{"line":268,"column":5}},"type":"if","locations":[{"start":{"line":263,"column":4},"end":{"line":268,"column":5}},{"start":{},"end":{}}],"line":263}},"s":{"0":0,"1":0,"2":0,"3":0,"4":0,"5":0,"6":0,"7":0,"8":0,"9":0,"10":0,"11":0,"12":0,"13":0,"14":0,"15":0,"16":0,"17":0,"18":0,"19":0,"20":0,"21":0,"22":0,"23":0,"24":0,"25":0,"26":0,"27":0,"28":0,"29":0,"30":0,"31":0,"32":0,"33":0,"34":0,"35":0,"36":0,"37":0,"38":0,"39":0,"40":0,"41":0,"42":0,"43":0,"44":0,"45":0,"46":0,"47":0,"48":0,"49":0,"50":0,"51":0,"52":0,"53":0,"54":0,"55":0,"56":0,"57":0,"58":0,"59":0,"60":0,"61":0,"62":0,"63":0,"64":0,"65":0,"66":0,"67":0,"68":0,"69":0,"70":0,"71":0,"72":0,"73":0,"74":0,"75":0,"76":0,"77":0,"78":0,"79":0,"80":0,"81":0,"82":0,"83":0,"84":0,"85":0,"86":0,"87":0,"88":0,"89":0,"90":0,"91":0,"92":0,"93":0,"94":0,"95":0,"96":0,"97":0,"98":0,"99":0,"100":0,"101":0},"f":{"0":0,"1":0,"2":0,"3":0,"4":0,"5":0,"6":0,"7":0,"8":0,"9":0,"10":0,"11":0,"12":0,"13":0,"14":0},"b":{"0":[0,0],"1":[0,0],"2":[0,0],"3":[0,0],"4":[0,0],"5":[0,0,0],"6":[0,0],"7":[0,0],"8":[0,0],"9":[0,0],"10":[0,0,0],"11":[0,0],"12":[0,0],"13":[0,0],"14":[0,0],"15":[0,0],"16":[0,0],"17":[0,0],"18":[0,0]}}
,"C:\\Users\\admin\\OneDrive\\Máy tính\\epark-be\\controllers\\event.controller.js": {"path":"C:\\Users\\admin\\OneDrive\\Máy tính\\epark-be\\controllers\\event.controller.js","statementMap":{"0":{"start":{"line":2,"column":14},"end":{"line":2,"column":49}},"1":{"start":{"line":3,"column":15},"end":{"line":3,"column":41}},"2":{"start":{"line":5,"column":21},"end":{"line":12,"column":1}},"3":{"start":{"line":6,"column":1},"end":{"line":11,"column":2}},"4":{"start":{"line":7,"column":16},"end":{"line":7,"column":36}},"5":{"start":{"line":8,"column":2},"end":{"line":8,"column":30}},"6":{"start":{"line":10,"column":2},"end":{"line":10,"column":51}},"7":{"start":{"line":14,"column":17},"end":{"line":22,"column":1}},"8":{"start":{"line":15,"column":1},"end":{"line":21,"column":2}},"9":{"start":{"line":16,"column":17},"end":{"line":16,"column":27}},"10":{"start":{"line":17,"column":16},"end":{"line":17,"column":40}},"11":{"start":{"line":18,"column":2},"end":{"line":18,"column":30}},"12":{"start":{"line":20,"column":2},"end":{"line":20,"column":51}},"13":{"start":{"line":24,"column":20},"end":{"line":55,"column":1}},"14":{"start":{"line":25,"column":1},"end":{"line":54,"column":2}},"15":{"start":{"line":26,"column":33},"end":{"line":26,"column":41}},"16":{"start":{"line":29,"column":22},"end":{"line":29,"column":62}},"17":{"start":{"line":30,"column":20},"end":{"line":30,"column":58}},"18":{"start":{"line":33,"column":2},"end":{"line":38,"column":3}},"19":{"start":{"line":34,"column":3},"end":{"line":37,"column":6}},"20":{"start":{"line":41,"column":2},"end":{"line":46,"column":3}},"21":{"start":{"line":42,"column":3},"end":{"line":45,"column":6}},"22":{"start":{"line":49,"column":16},"end":{"line":49,"column":44}},"23":{"start":{"line":51,"column":2},"end":{"line":51,"column":30}},"24":{"start":{"line":53,"column":2},"end":{"line":53,"column":51}},"25":{"start":{"line":57,"column":20},"end":{"line":72,"column":1}},"26":{"start":{"line":58,"column":1},"end":{"line":71,"column":2}},"27":{"start":{"line":59,"column":17},"end":{"line":59,"column":27}},"28":{"start":{"line":60,"column":16},"end":{"line":60,"column":59}},"29":{"start":{"line":62,"column":2},"end":{"line":64,"column":3}},"30":{"start":{"line":63,"column":3},"end":{"line":63,"column":66}},"31":{"start":{"line":66,"column":23},"end":{"line":66,"column":47}},"32":{"start":{"line":68,"column":2},"end":{"line":68,"column":37}},"33":{"start":{"line":70,"column":2},"end":{"line":70,"column":51}},"34":{"start":{"line":74,"column":20},"end":{"line":87,"column":1}},"35":{"start":{"line":75,"column":1},"end":{"line":86,"column":2}},"36":{"start":{"line":76,"column":17},"end":{"line":76,"column":27}},"37":{"start":{"line":77,"column":16},"end":{"line":77,"column":49}},"38":{"start":{"line":79,"column":2},"end":{"line":81,"column":3}},"39":{"start":{"line":80,"column":3},"end":{"line":80,"column":66}},"40":{"start":{"line":83,"column":2},"end":{"line":83,"column":30}},"41":{"start":{"line":85,"column":2},"end":{"line":85,"column":51}},"42":{"start":{"line":89,"column":23},"end":{"line":104,"column":1}},"43":{"start":{"line":90,"column":1},"end":{"line":103,"column":2}},"44":{"start":{"line":92,"column":16},"end":{"line":92,"column":71}},"45":{"start":{"line":93,"column":19},"end":{"line":93,"column":72}},"46":{"start":{"line":96,"column":17},"end":{"line":98,"column":4}},"47":{"start":{"line":100,"column":2},"end":{"line":100,"column":16}},"48":{"start":{"line":102,"column":2},"end":{"line":102,"column":14}},"49":{"start":{"line":106,"column":26},"end":{"line":127,"column":1}},"50":{"start":{"line":107,"column":1},"end":{"line":126,"column":2}},"51":{"start":{"line":109,"column":16},"end":{"line":109,"column":69}},"52":{"start":{"line":112,"column":17},"end":{"line":114,"column":4}},"53":{"start":{"line":115,"column":2},"end":{"line":119,"column":5}},"54":{"start":{"line":121,"column":2},"end":{"line":121,"column":57}},"55":{"start":{"line":122,"column":2},"end":{"line":125,"column":5}},"56":{"start":{"line":129,"column":25},"end":{"line":150,"column":1}},"57":{"start":{"line":130,"column":1},"end":{"line":149,"column":2}},"58":{"start":{"line":132,"column":16},"end":{"line":132,"column":69}},"59":{"start":{"line":135,"column":17},"end":{"line":137,"column":4}},"60":{"start":{"line":138,"column":2},"end":{"line":142,"column":5}},"61":{"start":{"line":144,"column":2},"end":{"line":144,"column":56}},"62":{"start":{"line":145,"column":2},"end":{"line":148,"column":5}},"63":{"start":{"line":152,"column":23},"end":{"line":200,"column":1}},"64":{"start":{"line":153,"column":1},"end":{"line":199,"column":2}},"65":{"start":{"line":154,"column":19},"end":{"line":154,"column":29}},"66":{"start":{"line":157,"column":2},"end":{"line":163,"column":3}},"67":{"start":{"line":158,"column":3},"end":{"line":162,"column":6}},"68":{"start":{"line":166,"column":20},"end":{"line":169,"column":12}},"69":{"start":{"line":170,"column":18},"end":{"line":170,"column":75}},"70":{"start":{"line":173,"column":17},"end":{"line":178,"column":4}},"71":{"start":{"line":180,"column":2},"end":{"line":186,"column":3}},"72":{"start":{"line":181,"column":3},"end":{"line":185,"column":6}},"73":{"start":{"line":188,"column":2},"end":{"line":192,"column":5}},"74":{"start":{"line":194,"column":2},"end":{"line":194,"column":56}},"75":{"start":{"line":195,"column":2},"end":{"line":198,"column":5}},"76":{"start":{"line":217,"column":0},"end":{"line":228,"column":2}}},"fnMap":{"0":{"name":"(anonymous_0)","decl":{"start":{"line":5,"column":21},"end":{"line":5,"column":22}},"loc":{"start":{"line":5,"column":41},"end":{"line":12,"column":1}},"line":5},"1":{"name":"(anonymous_1)","decl":{"start":{"line":14,"column":17},"end":{"line":14,"column":18}},"loc":{"start":{"line":14,"column":37},"end":{"line":22,"column":1}},"line":14},"2":{"name":"(anonymous_2)","decl":{"start":{"line":24,"column":20},"end":{"line":24,"column":21}},"loc":{"start":{"line":24,"column":40},"end":{"line":55,"column":1}},"line":24},"3":{"name":"(anonymous_3)","decl":{"start":{"line":57,"column":20},"end":{"line":57,"column":21}},"loc":{"start":{"line":57,"column":40},"end":{"line":72,"column":1}},"line":57},"4":{"name":"(anonymous_4)","decl":{"start":{"line":74,"column":20},"end":{"line":74,"column":21}},"loc":{"start":{"line":74,"column":40},"end":{"line":87,"column":1}},"line":74},"5":{"name":"(anonymous_5)","decl":{"start":{"line":89,"column":23},"end":{"line":89,"column":24}},"loc":{"start":{"line":89,"column":43},"end":{"line":104,"column":1}},"line":89},"6":{"name":"(anonymous_6)","decl":{"start":{"line":106,"column":26},"end":{"line":106,"column":27}},"loc":{"start":{"line":106,"column":46},"end":{"line":127,"column":1}},"line":106},"7":{"name":"(anonymous_7)","decl":{"start":{"line":129,"column":25},"end":{"line":129,"column":26}},"loc":{"start":{"line":129,"column":45},"end":{"line":150,"column":1}},"line":129},"8":{"name":"(anonymous_8)","decl":{"start":{"line":152,"column":23},"end":{"line":152,"column":24}},"loc":{"start":{"line":152,"column":43},"end":{"line":200,"column":1}},"line":152}},"branchMap":{"0":{"loc":{"start":{"line":33,"column":2},"end":{"line":38,"column":3}},"type":"if","locations":[{"start":{"line":33,"column":2},"end":{"line":38,"column":3}},{"start":{},"end":{}}],"line":33},"1":{"loc":{"start":{"line":33,"column":6},"end":{"line":33,"column":52}},"type":"binary-expr","locations":[{"start":{"line":33,"column":6},"end":{"line":33,"column":28}},{"start":{"line":33,"column":32},"end":{"line":33,"column":52}}],"line":33},"2":{"loc":{"start":{"line":41,"column":2},"end":{"line":46,"column":3}},"type":"if","locations":[{"start":{"line":41,"column":2},"end":{"line":46,"column":3}},{"start":{},"end":{}}],"line":41},"3":{"loc":{"start":{"line":62,"column":2},"end":{"line":64,"column":3}},"type":"if","locations":[{"start":{"line":62,"column":2},"end":{"line":64,"column":3}},{"start":{},"end":{}}],"line":62},"4":{"loc":{"start":{"line":79,"column":2},"end":{"line":81,"column":3}},"type":"if","locations":[{"start":{"line":79,"column":2},"end":{"line":81,"column":3}},{"start":{},"end":{}}],"line":79},"5":{"loc":{"start":{"line":157,"column":2},"end":{"line":163,"column":3}},"type":"if","locations":[{"start":{"line":157,"column":2},"end":{"line":163,"column":3}},{"start":{},"end":{}}],"line":157},"6":{"loc":{"start":{"line":180,"column":2},"end":{"line":186,"column":3}},"type":"if","locations":[{"start":{"line":180,"column":2},"end":{"line":186,"column":3}},{"start":{},"end":{}}],"line":180}},"s":{"0":0,"1":0,"2":0,"3":0,"4":0,"5":0,"6":0,"7":0,"8":0,"9":0,"10":0,"11":0,"12":0,"13":0,"14":0,"15":0,"16":0,"17":0,"18":0,"19":0,"20":0,"21":0,"22":0,"23":0,"24":0,"25":0,"26":0,"27":0,"28":0,"29":0,"30":0,"31":0,"32":0,"33":0,"34":0,"35":0,"36":0,"37":0,"38":0,"39":0,"40":0,"41":0,"42":0,"43":0,"44":0,"45":0,"46":0,"47":0,"48":0,"49":0,"50":0,"51":0,"52":0,"53":0,"54":0,"55":0,"56":0,"57":0,"58":0,"59":0,"60":0,"61":0,"62":0,"63":0,"64":0,"65":0,"66":0,"67":0,"68":0,"69":0,"70":0,"71":0,"72":0,"73":0,"74":0,"75":0,"76":0},"f":{"0":0,"1":0,"2":0,"3":0,"4":0,"5":0,"6":0,"7":0,"8":0},"b":{"0":[0,0],"1":[0,0],"2":[0,0],"3":[0,0],"4":[0,0],"5":[0,0],"6":[0,0]}}
,"C:\\Users\\admin\\OneDrive\\Máy tính\\epark-be\\controllers\\feedback.controller.js": {"path":"C:\\Users\\admin\\OneDrive\\Máy tính\\epark-be\\controllers\\feedback.controller.js","statementMap":{},"fnMap":{},"branchMap":{},"s":{},"f":{},"b":{}}
,"C:\\Users\\admin\\OneDrive\\Máy tính\\epark-be\\controllers\\generalUser.controller.js": {"path":"C:\\Users\\admin\\OneDrive\\Máy tính\\epark-be\\controllers\\generalUser.controller.js","statementMap":{"0":{"start":{"line":4,"column":13},"end":{"line":4,"column":51}},"1":{"start":{"line":5,"column":17},"end":{"line":5,"column":52}},"2":{"start":{"line":6,"column":26},"end":{"line":6,"column":70}},"3":{"start":{"line":7,"column":14},"end":{"line":7,"column":46}},"4":{"start":{"line":9,"column":28},"end":{"line":9,"column":61}},"5":{"start":{"line":12,"column":20},"end":{"line":14,"column":1}},"6":{"start":{"line":13,"column":1},"end":{"line":13,"column":66}},"7":{"start":{"line":17,"column":27},"end":{"line":35,"column":1}},"8":{"start":{"line":18,"column":1},"end":{"line":34,"column":2}},"9":{"start":{"line":19,"column":19},"end":{"line":19,"column":28}},"10":{"start":{"line":20,"column":14},"end":{"line":20,"column":27}},"11":{"start":{"line":22,"column":2},"end":{"line":24,"column":3}},"12":{"start":{"line":23,"column":3},"end":{"line":23,"column":43}},"13":{"start":{"line":26,"column":16},"end":{"line":26,"column":59}},"14":{"start":{"line":27,"column":2},"end":{"line":31,"column":5}},"15":{"start":{"line":33,"column":2},"end":{"line":33,"column":26}},"16":{"start":{"line":38,"column":27},"end":{"line":62,"column":1}},"17":{"start":{"line":39,"column":1},"end":{"line":61,"column":2}},"18":{"start":{"line":40,"column":15},"end":{"line":42,"column":10}},"19":{"start":{"line":44,"column":2},"end":{"line":48,"column":3}},"20":{"start":{"line":45,"column":3},"end":{"line":47,"column":57}},"21":{"start":{"line":54,"column":2},"end":{"line":58,"column":5}},"22":{"start":{"line":60,"column":2},"end":{"line":60,"column":26}},"23":{"start":{"line":65,"column":26},"end":{"line":109,"column":1}},"24":{"start":{"line":66,"column":1},"end":{"line":108,"column":2}},"25":{"start":{"line":67,"column":32},"end":{"line":67,"column":40}},"26":{"start":{"line":70,"column":2},"end":{"line":91,"column":3}},"27":{"start":{"line":72,"column":4},"end":{"line":72,"column":37}},"28":{"start":{"line":73,"column":4},"end":{"line":73,"column":10}},"29":{"start":{"line":75,"column":4},"end":{"line":75,"column":45}},"30":{"start":{"line":76,"column":4},"end":{"line":76,"column":26}},"31":{"start":{"line":77,"column":4},"end":{"line":77,"column":34}},"32":{"start":{"line":78,"column":4},"end":{"line":78,"column":10}},"33":{"start":{"line":80,"column":4},"end":{"line":80,"column":46}},"34":{"start":{"line":81,"column":4},"end":{"line":81,"column":10}},"35":{"start":{"line":83,"column":4},"end":{"line":83,"column":33}},"36":{"start":{"line":84,"column":4},"end":{"line":84,"column":10}},"37":{"start":{"line":86,"column":4},"end":{"line":90,"column":7}},"38":{"start":{"line":93,"column":2},"end":{"line":93,"column":23}},"39":{"start":{"line":94,"column":23},"end":{"line":94,"column":41}},"40":{"start":{"line":95,"column":2},"end":{"line":95,"column":31}},"41":{"start":{"line":96,"column":2},"end":{"line":96,"column":26}},"42":{"start":{"line":98,"column":2},"end":{"line":102,"column":5}},"43":{"start":{"line":104,"column":2},"end":{"line":107,"column":5}},"44":{"start":{"line":112,"column":26},"end":{"line":151,"column":1}},"45":{"start":{"line":113,"column":1},"end":{"line":150,"column":2}},"46":{"start":{"line":114,"column":34},"end":{"line":114,"column":42}},"47":{"start":{"line":115,"column":17},"end":{"line":115,"column":30}},"48":{"start":{"line":118,"column":2},"end":{"line":123,"column":3}},"49":{"start":{"line":119,"column":3},"end":{"line":122,"column":6}},"50":{"start":{"line":125,"column":22},"end":{"line":130,"column":10}},"51":{"start":{"line":132,"column":2},"end":{"line":137,"column":3}},"52":{"start":{"line":133,"column":3},"end":{"line":136,"column":6}},"53":{"start":{"line":140,"column":2},"end":{"line":140,"column":37}},"54":{"start":{"line":141,"column":2},"end":{"line":141,"column":25}},"55":{"start":{"line":143,"column":2},"end":{"line":147,"column":5}},"56":{"start":{"line":149,"column":2},"end":{"line":149,"column":26}},"57":{"start":{"line":154,"column":26},"end":{"line":175,"column":1}},"58":{"start":{"line":155,"column":1},"end":{"line":174,"column":2}},"59":{"start":{"line":156,"column":22},"end":{"line":158,"column":10}},"60":{"start":{"line":160,"column":2},"end":{"line":165,"column":3}},"61":{"start":{"line":161,"column":3},"end":{"line":164,"column":6}},"62":{"start":{"line":167,"column":2},"end":{"line":171,"column":5}},"63":{"start":{"line":173,"column":2},"end":{"line":173,"column":26}},"64":{"start":{"line":177,"column":25},"end":{"line":222,"column":1}},"65":{"start":{"line":178,"column":1},"end":{"line":221,"column":2}},"66":{"start":{"line":179,"column":39},"end":{"line":179,"column":47}},"67":{"start":{"line":180,"column":15},"end":{"line":180,"column":47}},"68":{"start":{"line":182,"column":2},"end":{"line":187,"column":3}},"69":{"start":{"line":183,"column":3},"end":{"line":186,"column":6}},"70":{"start":{"line":189,"column":2},"end":{"line":194,"column":3}},"71":{"start":{"line":190,"column":3},"end":{"line":193,"column":6}},"72":{"start":{"line":196,"column":2},"end":{"line":201,"column":3}},"73":{"start":{"line":197,"column":3},"end":{"line":200,"column":6}},"74":{"start":{"line":203,"column":22},"end":{"line":203,"column":63}},"75":{"start":{"line":206,"column":19},"end":{"line":206,"column":34}},"76":{"start":{"line":207,"column":2},"end":{"line":207,"column":27}},"77":{"start":{"line":208,"column":2},"end":{"line":208,"column":22}},"78":{"start":{"line":210,"column":2},"end":{"line":218,"column":5}},"79":{"start":{"line":220,"column":2},"end":{"line":220,"column":26}},"80":{"start":{"line":224,"column":25},"end":{"line":239,"column":1}},"81":{"start":{"line":225,"column":1},"end":{"line":238,"column":2}},"82":{"start":{"line":226,"column":17},"end":{"line":226,"column":45}},"83":{"start":{"line":227,"column":15},"end":{"line":227,"column":46}},"84":{"start":{"line":228,"column":2},"end":{"line":230,"column":3}},"85":{"start":{"line":229,"column":3},"end":{"line":229,"column":37}},"86":{"start":{"line":231,"column":2},"end":{"line":231,"column":58}},"87":{"start":{"line":232,"column":2},"end":{"line":232,"column":20}},"88":{"start":{"line":234,"column":2},"end":{"line":237,"column":5}},"89":{"start":{"line":292,"column":0},"end":{"line":302,"column":2}}},"fnMap":{"0":{"name":"(anonymous_0)","decl":{"start":{"line":12,"column":20},"end":{"line":12,"column":21}},"loc":{"start":{"line":12,"column":36},"end":{"line":14,"column":1}},"line":12},"1":{"name":"(anonymous_1)","decl":{"start":{"line":17,"column":27},"end":{"line":17,"column":28}},"loc":{"start":{"line":17,"column":47},"end":{"line":35,"column":1}},"line":17},"2":{"name":"(anonymous_2)","decl":{"start":{"line":38,"column":27},"end":{"line":38,"column":28}},"loc":{"start":{"line":38,"column":47},"end":{"line":62,"column":1}},"line":38},"3":{"name":"(anonymous_3)","decl":{"start":{"line":65,"column":26},"end":{"line":65,"column":27}},"loc":{"start":{"line":65,"column":46},"end":{"line":109,"column":1}},"line":65},"4":{"name":"(anonymous_4)","decl":{"start":{"line":112,"column":26},"end":{"line":112,"column":27}},"loc":{"start":{"line":112,"column":46},"end":{"line":151,"column":1}},"line":112},"5":{"name":"(anonymous_5)","decl":{"start":{"line":154,"column":26},"end":{"line":154,"column":27}},"loc":{"start":{"line":154,"column":46},"end":{"line":175,"column":1}},"line":154},"6":{"name":"(anonymous_6)","decl":{"start":{"line":177,"column":25},"end":{"line":177,"column":26}},"loc":{"start":{"line":177,"column":45},"end":{"line":222,"column":1}},"line":177},"7":{"name":"(anonymous_7)","decl":{"start":{"line":224,"column":25},"end":{"line":224,"column":26}},"loc":{"start":{"line":224,"column":57},"end":{"line":239,"column":1}},"line":224}},"branchMap":{"0":{"loc":{"start":{"line":22,"column":2},"end":{"line":24,"column":3}},"type":"if","locations":[{"start":{"line":22,"column":2},"end":{"line":24,"column":3}},{"start":{},"end":{}}],"line":22},"1":{"loc":{"start":{"line":22,"column":6},"end":{"line":22,"column":71}},"type":"binary-expr","locations":[{"start":{"line":22,"column":6},"end":{"line":22,"column":10}},{"start":{"line":22,"column":14},"end":{"line":22,"column":71}}],"line":22},"2":{"loc":{"start":{"line":44,"column":2},"end":{"line":48,"column":3}},"type":"if","locations":[{"start":{"line":44,"column":2},"end":{"line":48,"column":3}},{"start":{},"end":{}}],"line":44},"3":{"loc":{"start":{"line":70,"column":2},"end":{"line":91,"column":3}},"type":"switch","locations":[{"start":{"line":71,"column":3},"end":{"line":73,"column":10}},{"start":{"line":74,"column":3},"end":{"line":78,"column":10}},{"start":{"line":79,"column":3},"end":{"line":81,"column":10}},{"start":{"line":82,"column":3},"end":{"line":84,"column":10}},{"start":{"line":85,"column":3},"end":{"line":90,"column":7}}],"line":70},"4":{"loc":{"start":{"line":118,"column":2},"end":{"line":123,"column":3}},"type":"if","locations":[{"start":{"line":118,"column":2},"end":{"line":123,"column":3}},{"start":{},"end":{}}],"line":118},"5":{"loc":{"start":{"line":132,"column":2},"end":{"line":137,"column":3}},"type":"if","locations":[{"start":{"line":132,"column":2},"end":{"line":137,"column":3}},{"start":{},"end":{}}],"line":132},"6":{"loc":{"start":{"line":160,"column":2},"end":{"line":165,"column":3}},"type":"if","locations":[{"start":{"line":160,"column":2},"end":{"line":165,"column":3}},{"start":{},"end":{}}],"line":160},"7":{"loc":{"start":{"line":182,"column":2},"end":{"line":187,"column":3}},"type":"if","locations":[{"start":{"line":182,"column":2},"end":{"line":187,"column":3}},{"start":{},"end":{}}],"line":182},"8":{"loc":{"start":{"line":189,"column":2},"end":{"line":194,"column":3}},"type":"if","locations":[{"start":{"line":189,"column":2},"end":{"line":194,"column":3}},{"start":{},"end":{}}],"line":189},"9":{"loc":{"start":{"line":196,"column":2},"end":{"line":201,"column":3}},"type":"if","locations":[{"start":{"line":196,"column":2},"end":{"line":201,"column":3}},{"start":{},"end":{}}],"line":196},"10":{"loc":{"start":{"line":196,"column":6},"end":{"line":196,"column":31}},"type":"binary-expr","locations":[{"start":{"line":196,"column":6},"end":{"line":196,"column":10}},{"start":{"line":196,"column":14},"end":{"line":196,"column":31}}],"line":196},"11":{"loc":{"start":{"line":228,"column":2},"end":{"line":230,"column":3}},"type":"if","locations":[{"start":{"line":228,"column":2},"end":{"line":230,"column":3}},{"start":{},"end":{}}],"line":228},"12":{"loc":{"start":{"line":231,"column":24},"end":{"line":231,"column":47}},"type":"binary-expr","locations":[{"start":{"line":231,"column":24},"end":{"line":231,"column":42}},{"start":{"line":231,"column":46},"end":{"line":231,"column":47}}],"line":231}},"s":{"0":0,"1":0,"2":0,"3":0,"4":0,"5":0,"6":0,"7":0,"8":0,"9":0,"10":0,"11":0,"12":0,"13":0,"14":0,"15":0,"16":0,"17":0,"18":0,"19":0,"20":0,"21":0,"22":0,"23":0,"24":0,"25":0,"26":0,"27":0,"28":0,"29":0,"30":0,"31":0,"32":0,"33":0,"34":0,"35":0,"36":0,"37":0,"38":0,"39":0,"40":0,"41":0,"42":0,"43":0,"44":0,"45":0,"46":0,"47":0,"48":0,"49":0,"50":0,"51":0,"52":0,"53":0,"54":0,"55":0,"56":0,"57":0,"58":0,"59":0,"60":0,"61":0,"62":0,"63":0,"64":0,"65":0,"66":0,"67":0,"68":0,"69":0,"70":0,"71":0,"72":0,"73":0,"74":0,"75":0,"76":0,"77":0,"78":0,"79":0,"80":0,"81":0,"82":0,"83":0,"84":0,"85":0,"86":0,"87":0,"88":0,"89":0},"f":{"0":0,"1":0,"2":0,"3":0,"4":0,"5":0,"6":0,"7":0},"b":{"0":[0,0],"1":[0,0],"2":[0,0],"3":[0,0,0,0,0],"4":[0,0],"5":[0,0],"6":[0,0],"7":[0,0],"8":[0,0],"9":[0,0],"10":[0,0],"11":[0,0],"12":[0,0]}}
,"C:\\Users\\admin\\OneDrive\\Máy tính\\epark-be\\controllers\\invoice.controller.js": {"path":"C:\\Users\\admin\\OneDrive\\Máy tính\\epark-be\\controllers\\invoice.controller.js","statementMap":{"0":{"start":{"line":2,"column":16},"end":{"line":2,"column":53}},"1":{"start":{"line":3,"column":23},"end":{"line":3,"column":64}},"2":{"start":{"line":4,"column":16},"end":{"line":4,"column":34}},"3":{"start":{"line":5,"column":15},"end":{"line":5,"column":32}},"4":{"start":{"line":6,"column":27},"end":{"line":6,"column":72}},"5":{"start":{"line":8,"column":23},"end":{"line":15,"column":1}},"6":{"start":{"line":9,"column":2},"end":{"line":14,"column":3}},"7":{"start":{"line":10,"column":20},"end":{"line":10,"column":42}},"8":{"start":{"line":11,"column":4},"end":{"line":11,"column":34}},"9":{"start":{"line":13,"column":4},"end":{"line":13,"column":53}},"10":{"start":{"line":17,"column":19},"end":{"line":25,"column":1}},"11":{"start":{"line":18,"column":2},"end":{"line":24,"column":3}},"12":{"start":{"line":19,"column":19},"end":{"line":19,"column":29}},"13":{"start":{"line":20,"column":20},"end":{"line":20,"column":46}},"14":{"start":{"line":21,"column":4},"end":{"line":21,"column":34}},"15":{"start":{"line":23,"column":4},"end":{"line":23,"column":53}},"16":{"start":{"line":27,"column":23},"end":{"line":44,"column":1}},"17":{"start":{"line":28,"column":2},"end":{"line":43,"column":3}},"18":{"start":{"line":29,"column":19},"end":{"line":35,"column":5}},"19":{"start":{"line":37,"column":21},"end":{"line":37,"column":43}},"20":{"start":{"line":38,"column":24},"end":{"line":38,"column":56}},"21":{"start":{"line":39,"column":4},"end":{"line":39,"column":23}},"22":{"start":{"line":41,"column":4},"end":{"line":41,"column":54}},"23":{"start":{"line":42,"column":4},"end":{"line":42,"column":16}},"24":{"start":{"line":46,"column":22},"end":{"line":103,"column":1}},"25":{"start":{"line":47,"column":2},"end":{"line":102,"column":3}},"26":{"start":{"line":50,"column":17},"end":{"line":50,"column":25}},"27":{"start":{"line":52,"column":24},"end":{"line":52,"column":32}},"28":{"start":{"line":54,"column":4},"end":{"line":99,"column":5}},"29":{"start":{"line":56,"column":26},"end":{"line":74,"column":7}},"30":{"start":{"line":60,"column":59},"end":{"line":69,"column":9}},"31":{"start":{"line":76,"column":22},"end":{"line":76,"column":62}},"32":{"start":{"line":77,"column":6},"end":{"line":77,"column":21}},"33":{"start":{"line":78,"column":11},"end":{"line":99,"column":5}},"34":{"start":{"line":80,"column":26},"end":{"line":95,"column":7}},"35":{"start":{"line":85,"column":68},"end":{"line":91,"column":9}},"36":{"start":{"line":96,"column":22},"end":{"line":96,"column":66}},"37":{"start":{"line":98,"column":6},"end":{"line":98,"column":21}},"38":{"start":{"line":101,"column":4},"end":{"line":101,"column":16}},"39":{"start":{"line":105,"column":22},"end":{"line":120,"column":1}},"40":{"start":{"line":106,"column":2},"end":{"line":119,"column":3}},"41":{"start":{"line":107,"column":19},"end":{"line":107,"column":29}},"42":{"start":{"line":108,"column":20},"end":{"line":108,"column":65}},"43":{"start":{"line":110,"column":4},"end":{"line":112,"column":5}},"44":{"start":{"line":111,"column":6},"end":{"line":111,"column":71}},"45":{"start":{"line":114,"column":27},"end":{"line":114,"column":53}},"46":{"start":{"line":116,"column":4},"end":{"line":116,"column":41}},"47":{"start":{"line":118,"column":4},"end":{"line":118,"column":53}},"48":{"start":{"line":122,"column":22},"end":{"line":135,"column":1}},"49":{"start":{"line":123,"column":2},"end":{"line":134,"column":3}},"50":{"start":{"line":124,"column":19},"end":{"line":124,"column":29}},"51":{"start":{"line":125,"column":20},"end":{"line":125,"column":55}},"52":{"start":{"line":127,"column":4},"end":{"line":129,"column":5}},"53":{"start":{"line":128,"column":6},"end":{"line":128,"column":71}},"54":{"start":{"line":131,"column":4},"end":{"line":131,"column":34}},"55":{"start":{"line":133,"column":4},"end":{"line":133,"column":53}},"56":{"start":{"line":137,"column":20},"end":{"line":154,"column":1}},"57":{"start":{"line":138,"column":2},"end":{"line":153,"column":3}},"58":{"start":{"line":139,"column":26},"end":{"line":139,"column":36}},"59":{"start":{"line":141,"column":19},"end":{"line":141,"column":43}},"60":{"start":{"line":142,"column":20},"end":{"line":142,"column":49}},"61":{"start":{"line":146,"column":4},"end":{"line":148,"column":5}},"62":{"start":{"line":147,"column":6},"end":{"line":147,"column":71}},"63":{"start":{"line":150,"column":4},"end":{"line":150,"column":34}},"64":{"start":{"line":152,"column":4},"end":{"line":152,"column":53}},"65":{"start":{"line":156,"column":0},"end":{"line":165,"column":2}}},"fnMap":{"0":{"name":"(anonymous_0)","decl":{"start":{"line":8,"column":23},"end":{"line":8,"column":24}},"loc":{"start":{"line":8,"column":43},"end":{"line":15,"column":1}},"line":8},"1":{"name":"(anonymous_1)","decl":{"start":{"line":17,"column":19},"end":{"line":17,"column":20}},"loc":{"start":{"line":17,"column":39},"end":{"line":25,"column":1}},"line":17},"2":{"name":"(anonymous_2)","decl":{"start":{"line":27,"column":23},"end":{"line":27,"column":24}},"loc":{"start":{"line":27,"column":42},"end":{"line":44,"column":1}},"line":27},"3":{"name":"(anonymous_3)","decl":{"start":{"line":46,"column":22},"end":{"line":46,"column":23}},"loc":{"start":{"line":46,"column":42},"end":{"line":103,"column":1}},"line":46},"4":{"name":"(anonymous_4)","decl":{"start":{"line":60,"column":46},"end":{"line":60,"column":47}},"loc":{"start":{"line":60,"column":59},"end":{"line":69,"column":9}},"line":60},"5":{"name":"(anonymous_5)","decl":{"start":{"line":85,"column":52},"end":{"line":85,"column":53}},"loc":{"start":{"line":85,"column":68},"end":{"line":91,"column":9}},"line":85},"6":{"name":"(anonymous_6)","decl":{"start":{"line":105,"column":22},"end":{"line":105,"column":23}},"loc":{"start":{"line":105,"column":42},"end":{"line":120,"column":1}},"line":105},"7":{"name":"(anonymous_7)","decl":{"start":{"line":122,"column":22},"end":{"line":122,"column":23}},"loc":{"start":{"line":122,"column":42},"end":{"line":135,"column":1}},"line":122},"8":{"name":"(anonymous_8)","decl":{"start":{"line":137,"column":20},"end":{"line":137,"column":21}},"loc":{"start":{"line":137,"column":40},"end":{"line":154,"column":1}},"line":137}},"branchMap":{"0":{"loc":{"start":{"line":54,"column":4},"end":{"line":99,"column":5}},"type":"if","locations":[{"start":{"line":54,"column":4},"end":{"line":99,"column":5}},{"start":{"line":78,"column":11},"end":{"line":99,"column":5}}],"line":54},"1":{"loc":{"start":{"line":78,"column":11},"end":{"line":99,"column":5}},"type":"if","locations":[{"start":{"line":78,"column":11},"end":{"line":99,"column":5}},{"start":{},"end":{}}],"line":78},"2":{"loc":{"start":{"line":110,"column":4},"end":{"line":112,"column":5}},"type":"if","locations":[{"start":{"line":110,"column":4},"end":{"line":112,"column":5}},{"start":{},"end":{}}],"line":110},"3":{"loc":{"start":{"line":127,"column":4},"end":{"line":129,"column":5}},"type":"if","locations":[{"start":{"line":127,"column":4},"end":{"line":129,"column":5}},{"start":{},"end":{}}],"line":127},"4":{"loc":{"start":{"line":146,"column":4},"end":{"line":148,"column":5}},"type":"if","locations":[{"start":{"line":146,"column":4},"end":{"line":148,"column":5}},{"start":{},"end":{}}],"line":146}},"s":{"0":0,"1":0,"2":0,"3":0,"4":0,"5":0,"6":0,"7":0,"8":0,"9":0,"10":0,"11":0,"12":0,"13":0,"14":0,"15":0,"16":0,"17":0,"18":0,"19":0,"20":0,"21":0,"22":0,"23":0,"24":0,"25":0,"26":0,"27":0,"28":0,"29":0,"30":0,"31":0,"32":0,"33":0,"34":0,"35":0,"36":0,"37":0,"38":0,"39":0,"40":0,"41":0,"42":0,"43":0,"44":0,"45":0,"46":0,"47":0,"48":0,"49":0,"50":0,"51":0,"52":0,"53":0,"54":0,"55":0,"56":0,"57":0,"58":0,"59":0,"60":0,"61":0,"62":0,"63":0,"64":0,"65":0},"f":{"0":0,"1":0,"2":0,"3":0,"4":0,"5":0,"6":0,"7":0,"8":0},"b":{"0":[0,0],"1":[0,0],"2":[0,0],"3":[0,0],"4":[0,0]}}
,"C:\\Users\\admin\\OneDrive\\Máy tính\\epark-be\\controllers\\payment.controller.js": {"path":"C:\\Users\\admin\\OneDrive\\Máy tính\\epark-be\\controllers\\payment.controller.js","statementMap":{"0":{"start":{"line":1,"column":20},"end":{"line":1,"column":46}},"1":{"start":{"line":2,"column":16},"end":{"line":2,"column":50}},"2":{"start":{"line":4,"column":22},"end":{"line":48,"column":1}},"3":{"start":{"line":5,"column":2},"end":{"line":47,"column":3}},"4":{"start":{"line":6,"column":26},"end":{"line":6,"column":36}},"5":{"start":{"line":7,"column":20},"end":{"line":7,"column":53}},"6":{"start":{"line":9,"column":4},"end":{"line":14,"column":5}},"7":{"start":{"line":10,"column":6},"end":{"line":13,"column":9}},"8":{"start":{"line":16,"column":22},"end":{"line":16,"column":42}},"9":{"start":{"line":18,"column":24},"end":{"line":25,"column":5}},"10":{"start":{"line":27,"column":24},"end":{"line":27,"column":72}},"11":{"start":{"line":29,"column":4},"end":{"line":32,"column":7}},"12":{"start":{"line":34,"column":4},"end":{"line":40,"column":7}},"13":{"start":{"line":42,"column":4},"end":{"line":42,"column":52}},"14":{"start":{"line":43,"column":4},"end":{"line":46,"column":7}},"15":{"start":{"line":50,"column":29},"end":{"line":101,"column":1}},"16":{"start":{"line":51,"column":2},"end":{"line":100,"column":3}},"17":{"start":{"line":52,"column":53},"end":{"line":52,"column":61}},"18":{"start":{"line":54,"column":22},"end":{"line":54,"column":54}},"19":{"start":{"line":57,"column":4},"end":{"line":68,"column":5}},"20":{"start":{"line":58,"column":6},"end":{"line":58,"column":73}},"21":{"start":{"line":82,"column":20},"end":{"line":82,"column":53}},"22":{"start":{"line":83,"column":4},"end":{"line":88,"column":5}},"23":{"start":{"line":84,"column":6},"end":{"line":87,"column":9}},"24":{"start":{"line":90,"column":4},"end":{"line":90,"column":60}},"25":{"start":{"line":91,"column":4},"end":{"line":91,"column":25}},"26":{"start":{"line":93,"column":4},"end":{"line":93,"column":51}},"27":{"start":{"line":95,"column":4},"end":{"line":95,"column":52}},"28":{"start":{"line":96,"column":4},"end":{"line":99,"column":7}},"29":{"start":{"line":103,"column":0},"end":{"line":106,"column":2}}},"fnMap":{"0":{"name":"(anonymous_0)","decl":{"start":{"line":4,"column":22},"end":{"line":4,"column":23}},"loc":{"start":{"line":4,"column":42},"end":{"line":48,"column":1}},"line":4},"1":{"name":"(anonymous_1)","decl":{"start":{"line":50,"column":29},"end":{"line":50,"column":30}},"loc":{"start":{"line":50,"column":49},"end":{"line":101,"column":1}},"line":50}},"branchMap":{"0":{"loc":{"start":{"line":9,"column":4},"end":{"line":14,"column":5}},"type":"if","locations":[{"start":{"line":9,"column":4},"end":{"line":14,"column":5}},{"start":{},"end":{}}],"line":9},"1":{"loc":{"start":{"line":57,"column":4},"end":{"line":68,"column":5}},"type":"if","locations":[{"start":{"line":57,"column":4},"end":{"line":68,"column":5}},{"start":{"line":59,"column":11},"end":{"line":68,"column":5}}],"line":57},"2":{"loc":{"start":{"line":83,"column":4},"end":{"line":88,"column":5}},"type":"if","locations":[{"start":{"line":83,"column":4},"end":{"line":88,"column":5}},{"start":{},"end":{}}],"line":83},"3":{"loc":{"start":{"line":90,"column":21},"end":{"line":90,"column":59}},"type":"cond-expr","locations":[{"start":{"line":90,"column":41},"end":{"line":90,"column":47}},{"start":{"line":90,"column":50},"end":{"line":90,"column":59}}],"line":90}},"s":{"0":0,"1":0,"2":0,"3":0,"4":0,"5":0,"6":0,"7":0,"8":0,"9":0,"10":0,"11":0,"12":0,"13":0,"14":0,"15":0,"16":0,"17":0,"18":0,"19":0,"20":0,"21":0,"22":0,"23":0,"24":0,"25":0,"26":0,"27":0,"28":0,"29":0},"f":{"0":0,"1":0},"b":{"0":[0,0],"1":[0,0],"2":[0,0],"3":[0,0]}}
,"C:\\Users\\admin\\OneDrive\\Máy tính\\epark-be\\controllers\\payment2.controller.js": {"path":"C:\\Users\\admin\\OneDrive\\Máy tính\\epark-be\\controllers\\payment2.controller.js","statementMap":{"0":{"start":{"line":1,"column":20},"end":{"line":1,"column":46}},"1":{"start":{"line":2,"column":16},"end":{"line":2,"column":50}},"2":{"start":{"line":3,"column":29},"end":{"line":3,"column":77}},"3":{"start":{"line":5,"column":22},"end":{"line":52,"column":1}},"4":{"start":{"line":6,"column":2},"end":{"line":51,"column":3}},"5":{"start":{"line":7,"column":26},"end":{"line":7,"column":36}},"6":{"start":{"line":8,"column":20},"end":{"line":8,"column":53}},"7":{"start":{"line":10,"column":4},"end":{"line":15,"column":5}},"8":{"start":{"line":11,"column":6},"end":{"line":14,"column":9}},"9":{"start":{"line":17,"column":24},"end":{"line":23,"column":5}},"10":{"start":{"line":25,"column":24},"end":{"line":25,"column":72}},"11":{"start":{"line":27,"column":4},"end":{"line":30,"column":7}},"12":{"start":{"line":32,"column":4},"end":{"line":44,"column":7}},"13":{"start":{"line":46,"column":4},"end":{"line":46,"column":52}},"14":{"start":{"line":47,"column":4},"end":{"line":50,"column":7}},"15":{"start":{"line":54,"column":23},"end":{"line":77,"column":1}},"16":{"start":{"line":55,"column":2},"end":{"line":76,"column":3}},"17":{"start":{"line":56,"column":24},"end":{"line":56,"column":34}},"18":{"start":{"line":57,"column":18},"end":{"line":57,"column":70}},"19":{"start":{"line":59,"column":4},"end":{"line":64,"column":5}},"20":{"start":{"line":60,"column":6},"end":{"line":63,"column":9}},"21":{"start":{"line":66,"column":4},"end":{"line":69,"column":7}},"22":{"start":{"line":71,"column":4},"end":{"line":71,"column":52}},"23":{"start":{"line":72,"column":4},"end":{"line":75,"column":7}},"24":{"start":{"line":79,"column":22},"end":{"line":107,"column":1}},"25":{"start":{"line":80,"column":2},"end":{"line":106,"column":3}},"26":{"start":{"line":81,"column":24},"end":{"line":81,"column":34}},"27":{"start":{"line":82,"column":35},"end":{"line":82,"column":43}},"28":{"start":{"line":84,"column":18},"end":{"line":87,"column":5}},"29":{"start":{"line":89,"column":4},"end":{"line":94,"column":5}},"30":{"start":{"line":90,"column":6},"end":{"line":93,"column":9}},"31":{"start":{"line":96,"column":4},"end":{"line":99,"column":7}},"32":{"start":{"line":101,"column":4},"end":{"line":101,"column":50}},"33":{"start":{"line":102,"column":4},"end":{"line":105,"column":7}},"34":{"start":{"line":109,"column":23},"end":{"line":140,"column":1}},"35":{"start":{"line":110,"column":2},"end":{"line":139,"column":3}},"36":{"start":{"line":112,"column":23},"end":{"line":112,"column":52}},"37":{"start":{"line":115,"column":19},"end":{"line":115,"column":63}},"38":{"start":{"line":116,"column":4},"end":{"line":116,"column":56}},"39":{"start":{"line":118,"column":4},"end":{"line":125,"column":7}},"40":{"start":{"line":127,"column":4},"end":{"line":131,"column":7}},"41":{"start":{"line":133,"column":4},"end":{"line":138,"column":7}},"42":{"start":{"line":142,"column":29},"end":{"line":179,"column":1}},"43":{"start":{"line":143,"column":2},"end":{"line":178,"column":3}},"44":{"start":{"line":144,"column":34},"end":{"line":144,"column":42}},"45":{"start":{"line":145,"column":22},"end":{"line":145,"column":54}},"46":{"start":{"line":147,"column":4},"end":{"line":157,"column":5}},"47":{"start":{"line":148,"column":6},"end":{"line":148,"column":73}},"48":{"start":{"line":150,"column":22},"end":{"line":150,"column":78}},"49":{"start":{"line":151,"column":6},"end":{"line":156,"column":7}},"50":{"start":{"line":152,"column":8},"end":{"line":155,"column":11}},"51":{"start":{"line":159,"column":20},"end":{"line":159,"column":53}},"52":{"start":{"line":160,"column":4},"end":{"line":165,"column":5}},"53":{"start":{"line":161,"column":6},"end":{"line":164,"column":9}},"54":{"start":{"line":167,"column":4},"end":{"line":167,"column":60}},"55":{"start":{"line":168,"column":4},"end":{"line":168,"column":25}},"56":{"start":{"line":169,"column":4},"end":{"line":169,"column":63}},"57":{"start":{"line":171,"column":4},"end":{"line":171,"column":51}},"58":{"start":{"line":173,"column":4},"end":{"line":173,"column":52}},"59":{"start":{"line":174,"column":4},"end":{"line":177,"column":7}},"60":{"start":{"line":181,"column":23},"end":{"line":204,"column":1}},"61":{"start":{"line":182,"column":2},"end":{"line":203,"column":3}},"62":{"start":{"line":184,"column":23},"end":{"line":184,"column":52}},"63":{"start":{"line":187,"column":4},"end":{"line":187,"column":52}},"64":{"start":{"line":189,"column":4},"end":{"line":196,"column":7}},"65":{"start":{"line":198,"column":4},"end":{"line":198,"column":52}},"66":{"start":{"line":199,"column":4},"end":{"line":202,"column":7}},"67":{"start":{"line":206,"column":0},"end":{"line":213,"column":2}}},"fnMap":{"0":{"name":"(anonymous_0)","decl":{"start":{"line":5,"column":22},"end":{"line":5,"column":23}},"loc":{"start":{"line":5,"column":42},"end":{"line":52,"column":1}},"line":5},"1":{"name":"(anonymous_1)","decl":{"start":{"line":54,"column":23},"end":{"line":54,"column":24}},"loc":{"start":{"line":54,"column":43},"end":{"line":77,"column":1}},"line":54},"2":{"name":"(anonymous_2)","decl":{"start":{"line":79,"column":22},"end":{"line":79,"column":23}},"loc":{"start":{"line":79,"column":42},"end":{"line":107,"column":1}},"line":79},"3":{"name":"(anonymous_3)","decl":{"start":{"line":109,"column":23},"end":{"line":109,"column":24}},"loc":{"start":{"line":109,"column":43},"end":{"line":140,"column":1}},"line":109},"4":{"name":"(anonymous_4)","decl":{"start":{"line":142,"column":29},"end":{"line":142,"column":30}},"loc":{"start":{"line":142,"column":49},"end":{"line":179,"column":1}},"line":142},"5":{"name":"(anonymous_5)","decl":{"start":{"line":181,"column":23},"end":{"line":181,"column":24}},"loc":{"start":{"line":181,"column":43},"end":{"line":204,"column":1}},"line":181}},"branchMap":{"0":{"loc":{"start":{"line":10,"column":4},"end":{"line":15,"column":5}},"type":"if","locations":[{"start":{"line":10,"column":4},"end":{"line":15,"column":5}},{"start":{},"end":{}}],"line":10},"1":{"loc":{"start":{"line":59,"column":4},"end":{"line":64,"column":5}},"type":"if","locations":[{"start":{"line":59,"column":4},"end":{"line":64,"column":5}},{"start":{},"end":{}}],"line":59},"2":{"loc":{"start":{"line":89,"column":4},"end":{"line":94,"column":5}},"type":"if","locations":[{"start":{"line":89,"column":4},"end":{"line":94,"column":5}},{"start":{},"end":{}}],"line":89},"3":{"loc":{"start":{"line":137,"column":12},"end":{"line":137,"column":35}},"type":"binary-expr","locations":[{"start":{"line":137,"column":12},"end":{"line":137,"column":22}},{"start":{"line":137,"column":26},"end":{"line":137,"column":35}}],"line":137},"4":{"loc":{"start":{"line":147,"column":4},"end":{"line":157,"column":5}},"type":"if","locations":[{"start":{"line":147,"column":4},"end":{"line":157,"column":5}},{"start":{"line":149,"column":11},"end":{"line":157,"column":5}}],"line":147},"5":{"loc":{"start":{"line":151,"column":6},"end":{"line":156,"column":7}},"type":"if","locations":[{"start":{"line":151,"column":6},"end":{"line":156,"column":7}},{"start":{},"end":{}}],"line":151},"6":{"loc":{"start":{"line":160,"column":4},"end":{"line":165,"column":5}},"type":"if","locations":[{"start":{"line":160,"column":4},"end":{"line":165,"column":5}},{"start":{},"end":{}}],"line":160},"7":{"loc":{"start":{"line":167,"column":21},"end":{"line":167,"column":59}},"type":"cond-expr","locations":[{"start":{"line":167,"column":41},"end":{"line":167,"column":47}},{"start":{"line":167,"column":50},"end":{"line":167,"column":59}}],"line":167},"8":{"loc":{"start":{"line":193,"column":21},"end":{"line":193,"column":58}},"type":"binary-expr","locations":[{"start":{"line":193,"column":21},"end":{"line":193,"column":41}},{"start":{"line":193,"column":45},"end":{"line":193,"column":58}}],"line":193}},"s":{"0":0,"1":0,"2":0,"3":0,"4":0,"5":0,"6":0,"7":0,"8":0,"9":0,"10":0,"11":0,"12":0,"13":0,"14":0,"15":0,"16":0,"17":0,"18":0,"19":0,"20":0,"21":0,"22":0,"23":0,"24":0,"25":0,"26":0,"27":0,"28":0,"29":0,"30":0,"31":0,"32":0,"33":0,"34":0,"35":0,"36":0,"37":0,"38":0,"39":0,"40":0,"41":0,"42":0,"43":0,"44":0,"45":0,"46":0,"47":0,"48":0,"49":0,"50":0,"51":0,"52":0,"53":0,"54":0,"55":0,"56":0,"57":0,"58":0,"59":0,"60":0,"61":0,"62":0,"63":0,"64":0,"65":0,"66":0,"67":0},"f":{"0":0,"1":0,"2":0,"3":0,"4":0,"5":0},"b":{"0":[0,0],"1":[0,0],"2":[0,0],"3":[0,0],"4":[0,0],"5":[0,0],"6":[0,0],"7":[0,0],"8":[0,0]}}
,"C:\\Users\\admin\\OneDrive\\Máy tính\\epark-be\\controllers\\report.controller.js": {"path":"C:\\Users\\admin\\OneDrive\\Máy tính\\epark-be\\controllers\\report.controller.js","statementMap":{"0":{"start":{"line":1,"column":16},"end":{"line":1,"column":50}},"1":{"start":{"line":2,"column":27},"end":{"line":2,"column":72}},"2":{"start":{"line":3,"column":23},"end":{"line":3,"column":64}},"3":{"start":{"line":4,"column":15},"end":{"line":4,"column":41}},"4":{"start":{"line":7,"column":30},"end":{"line":78,"column":1}},"5":{"start":{"line":8,"column":2},"end":{"line":77,"column":3}},"6":{"start":{"line":9,"column":35},"end":{"line":9,"column":44}},"7":{"start":{"line":12,"column":18},"end":{"line":12,"column":50}},"8":{"start":{"line":13,"column":16},"end":{"line":13,"column":44}},"9":{"start":{"line":15,"column":4},"end":{"line":20,"column":5}},"10":{"start":{"line":16,"column":6},"end":{"line":19,"column":9}},"11":{"start":{"line":23,"column":27},"end":{"line":37,"column":6}},"12":{"start":{"line":40,"column":29},"end":{"line":54,"column":6}},"13":{"start":{"line":56,"column":4},"end":{"line":70,"column":7}},"14":{"start":{"line":72,"column":4},"end":{"line":72,"column":52}},"15":{"start":{"line":73,"column":4},"end":{"line":76,"column":7}},"16":{"start":{"line":80,"column":28},"end":{"line":148,"column":1}},"17":{"start":{"line":81,"column":2},"end":{"line":147,"column":3}},"18":{"start":{"line":82,"column":35},"end":{"line":82,"column":44}},"19":{"start":{"line":84,"column":18},"end":{"line":84,"column":50}},"20":{"start":{"line":85,"column":16},"end":{"line":85,"column":44}},"21":{"start":{"line":87,"column":24},"end":{"line":123,"column":6}},"22":{"start":{"line":126,"column":19},"end":{"line":132,"column":10}},"23":{"start":{"line":127,"column":6},"end":{"line":131,"column":8}},"24":{"start":{"line":134,"column":4},"end":{"line":140,"column":7}},"25":{"start":{"line":142,"column":4},"end":{"line":142,"column":45}},"26":{"start":{"line":143,"column":4},"end":{"line":146,"column":7}},"27":{"start":{"line":241,"column":33},"end":{"line":316,"column":1}},"28":{"start":{"line":242,"column":2},"end":{"line":315,"column":3}},"29":{"start":{"line":243,"column":35},"end":{"line":243,"column":44}},"30":{"start":{"line":245,"column":18},"end":{"line":245,"column":50}},"31":{"start":{"line":246,"column":16},"end":{"line":246,"column":44}},"32":{"start":{"line":248,"column":29},"end":{"line":288,"column":6}},"33":{"start":{"line":290,"column":20},"end":{"line":300,"column":5}},"34":{"start":{"line":292,"column":23},"end":{"line":292,"column":43}},"35":{"start":{"line":296,"column":23},"end":{"line":296,"column":50}},"36":{"start":{"line":302,"column":4},"end":{"line":308,"column":7}},"37":{"start":{"line":310,"column":4},"end":{"line":310,"column":50}},"38":{"start":{"line":311,"column":4},"end":{"line":314,"column":7}},"39":{"start":{"line":318,"column":0},"end":{"line":322,"column":2}}},"fnMap":{"0":{"name":"(anonymous_0)","decl":{"start":{"line":7,"column":30},"end":{"line":7,"column":31}},"loc":{"start":{"line":7,"column":50},"end":{"line":78,"column":1}},"line":7},"1":{"name":"(anonymous_1)","decl":{"start":{"line":80,"column":28},"end":{"line":80,"column":29}},"loc":{"start":{"line":80,"column":48},"end":{"line":148,"column":1}},"line":80},"2":{"name":"(anonymous_2)","decl":{"start":{"line":126,"column":38},"end":{"line":126,"column":39}},"loc":{"start":{"line":126,"column":53},"end":{"line":132,"column":5}},"line":126},"3":{"name":"(anonymous_3)","decl":{"start":{"line":241,"column":33},"end":{"line":241,"column":34}},"loc":{"start":{"line":241,"column":53},"end":{"line":316,"column":1}},"line":241},"4":{"name":"(anonymous_4)","decl":{"start":{"line":292,"column":8},"end":{"line":292,"column":9}},"loc":{"start":{"line":292,"column":23},"end":{"line":292,"column":43}},"line":292},"5":{"name":"(anonymous_5)","decl":{"start":{"line":296,"column":8},"end":{"line":296,"column":9}},"loc":{"start":{"line":296,"column":23},"end":{"line":296,"column":50}},"line":296}},"branchMap":{"0":{"loc":{"start":{"line":15,"column":4},"end":{"line":20,"column":5}},"type":"if","locations":[{"start":{"line":15,"column":4},"end":{"line":20,"column":5}},{"start":{},"end":{}}],"line":15},"1":{"loc":{"start":{"line":15,"column":8},"end":{"line":15,"column":42}},"type":"binary-expr","locations":[{"start":{"line":15,"column":8},"end":{"line":15,"column":24}},{"start":{"line":15,"column":28},"end":{"line":15,"column":42}}],"line":15},"2":{"loc":{"start":{"line":60,"column":19},"end":{"line":60,"column":48}},"type":"binary-expr","locations":[{"start":{"line":60,"column":19},"end":{"line":60,"column":43}},{"start":{"line":60,"column":47},"end":{"line":60,"column":48}}],"line":60},"3":{"loc":{"start":{"line":61,"column":24},"end":{"line":61,"column":53}},"type":"binary-expr","locations":[{"start":{"line":61,"column":24},"end":{"line":61,"column":48}},{"start":{"line":61,"column":52},"end":{"line":61,"column":53}}],"line":61},"4":{"loc":{"start":{"line":64,"column":23},"end":{"line":64,"column":54}},"type":"binary-expr","locations":[{"start":{"line":64,"column":23},"end":{"line":64,"column":49}},{"start":{"line":64,"column":53},"end":{"line":64,"column":54}}],"line":64},"5":{"loc":{"start":{"line":65,"column":28},"end":{"line":65,"column":59}},"type":"binary-expr","locations":[{"start":{"line":65,"column":28},"end":{"line":65,"column":54}},{"start":{"line":65,"column":58},"end":{"line":65,"column":59}}],"line":65},"6":{"loc":{"start":{"line":68,"column":11},"end":{"line":68,"column":40}},"type":"binary-expr","locations":[{"start":{"line":68,"column":11},"end":{"line":68,"column":35}},{"start":{"line":68,"column":39},"end":{"line":68,"column":40}}],"line":68},"7":{"loc":{"start":{"line":68,"column":45},"end":{"line":68,"column":76}},"type":"binary-expr","locations":[{"start":{"line":68,"column":45},"end":{"line":68,"column":71}},{"start":{"line":68,"column":75},"end":{"line":68,"column":76}}],"line":68},"8":{"loc":{"start":{"line":128,"column":24},"end":{"line":128,"column":46}},"type":"binary-expr","locations":[{"start":{"line":128,"column":24},"end":{"line":128,"column":41}},{"start":{"line":128,"column":45},"end":{"line":128,"column":46}}],"line":128},"9":{"loc":{"start":{"line":129,"column":28},"end":{"line":129,"column":54}},"type":"binary-expr","locations":[{"start":{"line":129,"column":28},"end":{"line":129,"column":49}},{"start":{"line":129,"column":53},"end":{"line":129,"column":54}}],"line":129},"10":{"loc":{"start":{"line":130,"column":23},"end":{"line":130,"column":44}},"type":"binary-expr","locations":[{"start":{"line":130,"column":23},"end":{"line":130,"column":39}},{"start":{"line":130,"column":43},"end":{"line":130,"column":44}}],"line":130}},"s":{"0":0,"1":0,"2":0,"3":0,"4":0,"5":0,"6":0,"7":0,"8":0,"9":0,"10":0,"11":0,"12":0,"13":0,"14":0,"15":0,"16":0,"17":0,"18":0,"19":0,"20":0,"21":0,"22":0,"23":0,"24":0,"25":0,"26":0,"27":0,"28":0,"29":0,"30":0,"31":0,"32":0,"33":0,"34":0,"35":0,"36":0,"37":0,"38":0,"39":0},"f":{"0":0,"1":0,"2":0,"3":0,"4":0,"5":0},"b":{"0":[0,0],"1":[0,0],"2":[0,0],"3":[0,0],"4":[0,0],"5":[0,0],"6":[0,0],"7":[0,0],"8":[0,0],"9":[0,0],"10":[0,0]}}
,"C:\\Users\\admin\\OneDrive\\Máy tính\\epark-be\\controllers\\supplier.controller.js": {"path":"C:\\Users\\admin\\OneDrive\\Máy tính\\epark-be\\controllers\\supplier.controller.js","statementMap":{"0":{"start":{"line":2,"column":17},"end":{"line":2,"column":55}},"1":{"start":{"line":4,"column":24},"end":{"line":11,"column":1}},"2":{"start":{"line":5,"column":2},"end":{"line":10,"column":3}},"3":{"start":{"line":6,"column":21},"end":{"line":6,"column":44}},"4":{"start":{"line":7,"column":4},"end":{"line":7,"column":35}},"5":{"start":{"line":9,"column":4},"end":{"line":9,"column":53}},"6":{"start":{"line":13,"column":20},"end":{"line":21,"column":1}},"7":{"start":{"line":14,"column":2},"end":{"line":20,"column":3}},"8":{"start":{"line":15,"column":19},"end":{"line":15,"column":29}},"9":{"start":{"line":16,"column":21},"end":{"line":16,"column":48}},"10":{"start":{"line":17,"column":4},"end":{"line":17,"column":35}},"11":{"start":{"line":19,"column":4},"end":{"line":19,"column":53}},"12":{"start":{"line":23,"column":23},"end":{"line":30,"column":1}},"13":{"start":{"line":24,"column":2},"end":{"line":29,"column":3}},"14":{"start":{"line":25,"column":21},"end":{"line":25,"column":52}},"15":{"start":{"line":26,"column":4},"end":{"line":26,"column":35}},"16":{"start":{"line":28,"column":4},"end":{"line":28,"column":53}},"17":{"start":{"line":32,"column":23},"end":{"line":47,"column":1}},"18":{"start":{"line":33,"column":2},"end":{"line":46,"column":3}},"19":{"start":{"line":34,"column":19},"end":{"line":34,"column":29}},"20":{"start":{"line":35,"column":21},"end":{"line":35,"column":67}},"21":{"start":{"line":37,"column":4},"end":{"line":39,"column":5}},"22":{"start":{"line":38,"column":6},"end":{"line":38,"column":72}},"23":{"start":{"line":41,"column":28},"end":{"line":41,"column":55}},"24":{"start":{"line":43,"column":4},"end":{"line":43,"column":42}},"25":{"start":{"line":45,"column":4},"end":{"line":45,"column":53}},"26":{"start":{"line":49,"column":23},"end":{"line":62,"column":1}},"27":{"start":{"line":50,"column":2},"end":{"line":61,"column":3}},"28":{"start":{"line":51,"column":19},"end":{"line":51,"column":29}},"29":{"start":{"line":52,"column":21},"end":{"line":52,"column":57}},"30":{"start":{"line":54,"column":4},"end":{"line":56,"column":5}},"31":{"start":{"line":55,"column":6},"end":{"line":55,"column":72}},"32":{"start":{"line":58,"column":4},"end":{"line":58,"column":35}},"33":{"start":{"line":60,"column":4},"end":{"line":60,"column":53}},"34":{"start":{"line":64,"column":0},"end":{"line":70,"column":2}}},"fnMap":{"0":{"name":"(anonymous_0)","decl":{"start":{"line":4,"column":24},"end":{"line":4,"column":25}},"loc":{"start":{"line":4,"column":44},"end":{"line":11,"column":1}},"line":4},"1":{"name":"(anonymous_1)","decl":{"start":{"line":13,"column":20},"end":{"line":13,"column":21}},"loc":{"start":{"line":13,"column":40},"end":{"line":21,"column":1}},"line":13},"2":{"name":"(anonymous_2)","decl":{"start":{"line":23,"column":23},"end":{"line":23,"column":24}},"loc":{"start":{"line":23,"column":43},"end":{"line":30,"column":1}},"line":23},"3":{"name":"(anonymous_3)","decl":{"start":{"line":32,"column":23},"end":{"line":32,"column":24}},"loc":{"start":{"line":32,"column":43},"end":{"line":47,"column":1}},"line":32},"4":{"name":"(anonymous_4)","decl":{"start":{"line":49,"column":23},"end":{"line":49,"column":24}},"loc":{"start":{"line":49,"column":43},"end":{"line":62,"column":1}},"line":49}},"branchMap":{"0":{"loc":{"start":{"line":37,"column":4},"end":{"line":39,"column":5}},"type":"if","locations":[{"start":{"line":37,"column":4},"end":{"line":39,"column":5}},{"start":{},"end":{}}],"line":37},"1":{"loc":{"start":{"line":54,"column":4},"end":{"line":56,"column":5}},"type":"if","locations":[{"start":{"line":54,"column":4},"end":{"line":56,"column":5}},{"start":{},"end":{}}],"line":54}},"s":{"0":0,"1":0,"2":0,"3":0,"4":0,"5":0,"6":0,"7":0,"8":0,"9":0,"10":0,"11":0,"12":0,"13":0,"14":0,"15":0,"16":0,"17":0,"18":0,"19":0,"20":0,"21":0,"22":0,"23":0,"24":0,"25":0,"26":0,"27":0,"28":0,"29":0,"30":0,"31":0,"32":0,"33":0,"34":0},"f":{"0":0,"1":0,"2":0,"3":0,"4":0},"b":{"0":[0,0],"1":[0,0]}}
,"C:\\Users\\admin\\OneDrive\\Máy tính\\epark-be\\controllers\\ticket.controller.js": {"path":"C:\\Users\\admin\\OneDrive\\Máy tính\\epark-be\\controllers\\ticket.controller.js","statementMap":{"0":{"start":{"line":2,"column":15},"end":{"line":2,"column":51}},"1":{"start":{"line":3,"column":17},"end":{"line":3,"column":55}},"2":{"start":{"line":4,"column":14},"end":{"line":4,"column":49}},"3":{"start":{"line":8,"column":4},"end":{"line":8,"column":36}},"4":{"start":{"line":9,"column":42},"end":{"line":9,"column":76}},"5":{"start":{"line":10,"column":29},"end":{"line":10,"column":67}},"6":{"start":{"line":11,"column":16},"end":{"line":11,"column":53}},"7":{"start":{"line":12,"column":15},"end":{"line":12,"column":32}},"8":{"start":{"line":13,"column":17},"end":{"line":13,"column":39}},"9":{"start":{"line":15,"column":22},"end":{"line":22,"column":1}},"10":{"start":{"line":16,"column":2},"end":{"line":21,"column":3}},"11":{"start":{"line":17,"column":19},"end":{"line":17,"column":40}},"12":{"start":{"line":18,"column":4},"end":{"line":18,"column":33}},"13":{"start":{"line":20,"column":4},"end":{"line":20,"column":53}},"14":{"start":{"line":24,"column":18},"end":{"line":32,"column":1}},"15":{"start":{"line":25,"column":2},"end":{"line":31,"column":3}},"16":{"start":{"line":26,"column":19},"end":{"line":26,"column":29}},"17":{"start":{"line":27,"column":19},"end":{"line":27,"column":44}},"18":{"start":{"line":28,"column":4},"end":{"line":28,"column":33}},"19":{"start":{"line":30,"column":4},"end":{"line":30,"column":53}},"20":{"start":{"line":34,"column":21},"end":{"line":41,"column":1}},"21":{"start":{"line":35,"column":2},"end":{"line":40,"column":3}},"22":{"start":{"line":36,"column":19},"end":{"line":36,"column":48}},"23":{"start":{"line":37,"column":4},"end":{"line":37,"column":33}},"24":{"start":{"line":39,"column":4},"end":{"line":39,"column":53}},"25":{"start":{"line":43,"column":21},"end":{"line":58,"column":1}},"26":{"start":{"line":44,"column":2},"end":{"line":57,"column":3}},"27":{"start":{"line":45,"column":19},"end":{"line":45,"column":29}},"28":{"start":{"line":46,"column":19},"end":{"line":46,"column":63}},"29":{"start":{"line":48,"column":4},"end":{"line":50,"column":5}},"30":{"start":{"line":49,"column":6},"end":{"line":49,"column":70}},"31":{"start":{"line":52,"column":26},"end":{"line":52,"column":51}},"32":{"start":{"line":54,"column":4},"end":{"line":54,"column":40}},"33":{"start":{"line":56,"column":4},"end":{"line":56,"column":53}},"34":{"start":{"line":60,"column":21},"end":{"line":73,"column":1}},"35":{"start":{"line":61,"column":2},"end":{"line":72,"column":3}},"36":{"start":{"line":62,"column":19},"end":{"line":62,"column":29}},"37":{"start":{"line":63,"column":19},"end":{"line":63,"column":53}},"38":{"start":{"line":65,"column":4},"end":{"line":67,"column":5}},"39":{"start":{"line":66,"column":6},"end":{"line":66,"column":70}},"40":{"start":{"line":69,"column":4},"end":{"line":69,"column":33}},"41":{"start":{"line":71,"column":4},"end":{"line":71,"column":53}},"42":{"start":{"line":75,"column":21},"end":{"line":75,"column":63}},"43":{"start":{"line":75,"column":33},"end":{"line":75,"column":63}},"44":{"start":{"line":229,"column":31},"end":{"line":358,"column":1}},"45":{"start":{"line":230,"column":2},"end":{"line":357,"column":3}},"46":{"start":{"line":232,"column":36},"end":{"line":232,"column":44}},"47":{"start":{"line":233,"column":4},"end":{"line":238,"column":5}},"48":{"start":{"line":234,"column":6},"end":{"line":237,"column":9}},"49":{"start":{"line":239,"column":19},"end":{"line":239,"column":61}},"50":{"start":{"line":240,"column":4},"end":{"line":245,"column":5}},"51":{"start":{"line":241,"column":6},"end":{"line":244,"column":9}},"52":{"start":{"line":247,"column":21},"end":{"line":247,"column":56}},"53":{"start":{"line":248,"column":4},"end":{"line":253,"column":5}},"54":{"start":{"line":249,"column":6},"end":{"line":252,"column":9}},"55":{"start":{"line":254,"column":19},"end":{"line":254,"column":41}},"56":{"start":{"line":255,"column":4},"end":{"line":257,"column":5}},"57":{"start":{"line":260,"column":23},"end":{"line":260,"column":24}},"58":{"start":{"line":261,"column":4},"end":{"line":263,"column":5}},"59":{"start":{"line":262,"column":6},"end":{"line":262,"column":41}},"60":{"start":{"line":264,"column":4},"end":{"line":264,"column":46}},"61":{"start":{"line":266,"column":36},"end":{"line":268,"column":5}},"62":{"start":{"line":269,"column":31},"end":{"line":271,"column":5}},"63":{"start":{"line":276,"column":23},"end":{"line":276,"column":25}},"64":{"start":{"line":278,"column":21},"end":{"line":282,"column":5}},"65":{"start":{"line":283,"column":4},"end":{"line":300,"column":7}},"66":{"start":{"line":302,"column":24},"end":{"line":322,"column":5}},"67":{"start":{"line":324,"column":20},"end":{"line":324,"column":52}},"68":{"start":{"line":327,"column":19},"end":{"line":327,"column":52}},"69":{"start":{"line":330,"column":4},"end":{"line":330,"column":61}},"70":{"start":{"line":338,"column":4},"end":{"line":351,"column":7}},"71":{"start":{"line":353,"column":4},"end":{"line":356,"column":7}},"72":{"start":{"line":360,"column":30},"end":{"line":455,"column":1}},"73":{"start":{"line":361,"column":2},"end":{"line":454,"column":3}},"74":{"start":{"line":362,"column":24},"end":{"line":362,"column":32}},"75":{"start":{"line":363,"column":4},"end":{"line":368,"column":5}},"76":{"start":{"line":364,"column":6},"end":{"line":367,"column":9}},"77":{"start":{"line":369,"column":19},"end":{"line":369,"column":61}},"78":{"start":{"line":370,"column":4},"end":{"line":375,"column":5}},"79":{"start":{"line":371,"column":6},"end":{"line":374,"column":9}},"80":{"start":{"line":376,"column":19},"end":{"line":376,"column":41}},"81":{"start":{"line":377,"column":4},"end":{"line":379,"column":5}},"82":{"start":{"line":383,"column":23},"end":{"line":383,"column":24}},"83":{"start":{"line":384,"column":4},"end":{"line":386,"column":5}},"84":{"start":{"line":385,"column":6},"end":{"line":385,"column":41}},"85":{"start":{"line":387,"column":4},"end":{"line":387,"column":46}},"86":{"start":{"line":388,"column":36},"end":{"line":390,"column":5}},"87":{"start":{"line":392,"column":23},"end":{"line":392,"column":25}},"88":{"start":{"line":394,"column":21},"end":{"line":397,"column":5}},"89":{"start":{"line":398,"column":4},"end":{"line":407,"column":7}},"90":{"start":{"line":409,"column":24},"end":{"line":425,"column":5}},"91":{"start":{"line":427,"column":20},"end":{"line":427,"column":52}},"92":{"start":{"line":430,"column":19},"end":{"line":430,"column":52}},"93":{"start":{"line":433,"column":4},"end":{"line":433,"column":61}},"94":{"start":{"line":435,"column":4},"end":{"line":448,"column":7}},"95":{"start":{"line":450,"column":4},"end":{"line":453,"column":7}},"96":{"start":{"line":457,"column":0},"end":{"line":466,"column":2}}},"fnMap":{"0":{"name":"(anonymous_0)","decl":{"start":{"line":15,"column":22},"end":{"line":15,"column":23}},"loc":{"start":{"line":15,"column":42},"end":{"line":22,"column":1}},"line":15},"1":{"name":"(anonymous_1)","decl":{"start":{"line":24,"column":18},"end":{"line":24,"column":19}},"loc":{"start":{"line":24,"column":38},"end":{"line":32,"column":1}},"line":24},"2":{"name":"(anonymous_2)","decl":{"start":{"line":34,"column":21},"end":{"line":34,"column":22}},"loc":{"start":{"line":34,"column":41},"end":{"line":41,"column":1}},"line":34},"3":{"name":"(anonymous_3)","decl":{"start":{"line":43,"column":21},"end":{"line":43,"column":22}},"loc":{"start":{"line":43,"column":41},"end":{"line":58,"column":1}},"line":43},"4":{"name":"(anonymous_4)","decl":{"start":{"line":60,"column":21},"end":{"line":60,"column":22}},"loc":{"start":{"line":60,"column":41},"end":{"line":73,"column":1}},"line":60},"5":{"name":"(anonymous_5)","decl":{"start":{"line":75,"column":21},"end":{"line":75,"column":22}},"loc":{"start":{"line":75,"column":33},"end":{"line":75,"column":63}},"line":75},"6":{"name":"(anonymous_6)","decl":{"start":{"line":229,"column":31},"end":{"line":229,"column":32}},"loc":{"start":{"line":229,"column":51},"end":{"line":358,"column":1}},"line":229},"7":{"name":"(anonymous_7)","decl":{"start":{"line":360,"column":30},"end":{"line":360,"column":31}},"loc":{"start":{"line":360,"column":50},"end":{"line":455,"column":1}},"line":360}},"branchMap":{"0":{"loc":{"start":{"line":48,"column":4},"end":{"line":50,"column":5}},"type":"if","locations":[{"start":{"line":48,"column":4},"end":{"line":50,"column":5}},{"start":{},"end":{}}],"line":48},"1":{"loc":{"start":{"line":65,"column":4},"end":{"line":67,"column":5}},"type":"if","locations":[{"start":{"line":65,"column":4},"end":{"line":67,"column":5}},{"start":{},"end":{}}],"line":65},"2":{"loc":{"start":{"line":233,"column":4},"end":{"line":238,"column":5}},"type":"if","locations":[{"start":{"line":233,"column":4},"end":{"line":238,"column":5}},{"start":{},"end":{}}],"line":233},"3":{"loc":{"start":{"line":233,"column":8},"end":{"line":233,"column":40}},"type":"binary-expr","locations":[{"start":{"line":233,"column":8},"end":{"line":233,"column":16}},{"start":{"line":233,"column":20},"end":{"line":233,"column":40}}],"line":233},"4":{"loc":{"start":{"line":240,"column":4},"end":{"line":245,"column":5}},"type":"if","locations":[{"start":{"line":240,"column":4},"end":{"line":245,"column":5}},{"start":{},"end":{}}],"line":240},"5":{"loc":{"start":{"line":248,"column":4},"end":{"line":253,"column":5}},"type":"if","locations":[{"start":{"line":248,"column":4},"end":{"line":253,"column":5}},{"start":{},"end":{}}],"line":248},"6":{"loc":{"start":{"line":255,"column":4},"end":{"line":257,"column":5}},"type":"if","locations":[{"start":{"line":255,"column":4},"end":{"line":257,"column":5}},{"start":{},"end":{}}],"line":255},"7":{"loc":{"start":{"line":255,"column":8},"end":{"line":255,"column":38}},"type":"binary-expr","locations":[{"start":{"line":255,"column":8},"end":{"line":255,"column":15}},{"start":{"line":255,"column":19},"end":{"line":255,"column":38}}],"line":255},"8":{"loc":{"start":{"line":363,"column":4},"end":{"line":368,"column":5}},"type":"if","locations":[{"start":{"line":363,"column":4},"end":{"line":368,"column":5}},{"start":{},"end":{}}],"line":363},"9":{"loc":{"start":{"line":363,"column":8},"end":{"line":363,"column":40}},"type":"binary-expr","locations":[{"start":{"line":363,"column":8},"end":{"line":363,"column":16}},{"start":{"line":363,"column":20},"end":{"line":363,"column":40}}],"line":363},"10":{"loc":{"start":{"line":370,"column":4},"end":{"line":375,"column":5}},"type":"if","locations":[{"start":{"line":370,"column":4},"end":{"line":375,"column":5}},{"start":{},"end":{}}],"line":370},"11":{"loc":{"start":{"line":377,"column":4},"end":{"line":379,"column":5}},"type":"if","locations":[{"start":{"line":377,"column":4},"end":{"line":379,"column":5}},{"start":{},"end":{}}],"line":377},"12":{"loc":{"start":{"line":377,"column":8},"end":{"line":377,"column":38}},"type":"binary-expr","locations":[{"start":{"line":377,"column":8},"end":{"line":377,"column":15}},{"start":{"line":377,"column":19},"end":{"line":377,"column":38}}],"line":377}},"s":{"0":0,"1":0,"2":0,"3":0,"4":0,"5":0,"6":0,"7":0,"8":0,"9":0,"10":0,"11":0,"12":0,"13":0,"14":0,"15":0,"16":0,"17":0,"18":0,"19":0,"20":0,"21":0,"22":0,"23":0,"24":0,"25":0,"26":0,"27":0,"28":0,"29":0,"30":0,"31":0,"32":0,"33":0,"34":0,"35":0,"36":0,"37":0,"38":0,"39":0,"40":0,"41":0,"42":0,"43":0
[...]
"end":{"line":62,"column":1}},"27":{"start":{"line":50,"column":2},"end":{"line":61,"column":3}},"28":{"start":{"line":51,"column":19},"end":{"line":51,"column":29}},"29":{"start":{"line":52,"column":17},"end":{"line":52,"column":49}},"30":{"start":{"line":54,"column":4},"end":{"line":56,"column":5}},"31":{"start":{"line":55,"column":6},"end":{"line":55,"column":68}},"32":{"start":{"line":58,"column":4},"end":{"line":58,"column":31}},"33":{"start":{"line":60,"column":4},"end":{"line":60,"column":53}},"34":{"start":{"line":64,"column":0},"end":{"line":70,"column":2}}},"fnMap":{"0":{"name":"(anonymous_0)","decl":{"start":{"line":4,"column":20},"end":{"line":4,"column":21}},"loc":{"start":{"line":4,"column":40},"end":{"line":11,"column":1}},"line":4},"1":{"name":"(anonymous_1)","decl":{"start":{"line":13,"column":16},"end":{"line":13,"column":17}},"loc":{"start":{"line":13,"column":36},"end":{"line":21,"column":1}},"line":13},"2":{"name":"(anonymous_2)","decl":{"start":{"line":23,"column":19},"end":{"line":23,"column":20}},"loc":{"start":{"line":23,"column":39},"end":{"line":30,"column":1}},"line":23},"3":{"name":"(anonymous_3)","decl":{"start":{"line":32,"column":19},"end":{"line":32,"column":20}},"loc":{"start":{"line":32,"column":39},"end":{"line":47,"column":1}},"line":32},"4":{"name":"(anonymous_4)","decl":{"start":{"line":49,"column":19},"end":{"line":49,"column":20}},"loc":{"start":{"line":49,"column":39},"end":{"line":62,"column":1}},"line":49}},"branchMap":{"0":{"loc":{"start":{"line":37,"column":4},"end":{"line":39,"column":5}},"type":"if","locations":[{"start":{"line":37,"column":4},"end":{"line":39,"column":5}},{"start":{},"end":{}}],"line":37},"1":{"loc":{"start":{"line":54,"column":4},"end":{"line":56,"column":5}},"type":"if","locations":[{"start":{"line":54,"column":4},"end":{"line":56,"column":5}},{"start":{},"end":{}}],"line":54}},"s":{"0":0,"1":0,"2":0,"3":0,"4":0,"5":0,"6":0,"7":0,"8":0,"9":0,"10":0,"11":0,"12":0,"13":0,"14":0,"15":0,"16":0,"17":0,"18":0,"19":0,"20":0,"21":0,"22":0,"23":0,"24":0,"25":0,"26":0,"27":0,"28":0,"29":0,"30":0,"31":0,"32":0,"33":0,"34":0},"f":{"0":0,"1":0,"2":0,"3":0,"4":0},"b":{"0":[0,0],"1":[0,0]}}
,"C:\\Users\\admin\\OneDrive\\Máy tính\\epark-be\\models\\customer.model.js": {"path":"C:\\Users\\admin\\OneDrive\\Máy tính\\epark-be\\models\\customer.model.js","statementMap":{"0":{"start":{"line":1,"column":17},"end":{"line":1,"column":36}},"1":{"start":{"line":2,"column":20},"end":{"line":2,"column":50}},"2":{"start":{"line":4,"column":23},"end":{"line":8,"column":2}},"3":{"start":{"line":13,"column":0},"end":{"line":22,"column":3}},"4":{"start":{"line":14,"column":2},"end":{"line":20,"column":3}},"5":{"start":{"line":15,"column":4},"end":{"line":15,"column":31}},"6":{"start":{"line":16,"column":9},"end":{"line":20,"column":3}},"7":{"start":{"line":17,"column":4},"end":{"line":17,"column":27}},"8":{"start":{"line":19,"column":4},"end":{"line":19,"column":29}},"9":{"start":{"line":21,"column":2},"end":{"line":21,"column":9}},"10":{"start":{"line":24,"column":0},"end":{"line":35,"column":2}},"11":{"start":{"line":25,"column":2},"end":{"line":34,"column":3}},"12":{"start":{"line":27,"column":6},"end":{"line":27,"column":17}},"13":{"start":{"line":29,"column":6},"end":{"line":29,"column":17}},"14":{"start":{"line":31,"column":6},"end":{"line":31,"column":18}},"15":{"start":{"line":33,"column":6},"end":{"line":33,"column":15}},"16":{"start":{"line":37,"column":17},"end":{"line":37,"column":70}},"17":{"start":{"line":39,"column":0},"end":{"line":39,"column":26}}},"fnMap":{"0":{"name":"(anonymous_0)","decl":{"start":{"line":13,"column":27},"end":{"line":13,"column":28}},"loc":{"start":{"line":13,"column":43},"end":{"line":22,"column":1}},"line":13},"1":{"name":"(anonymous_1)","decl":{"start":{"line":24,"column":47},"end":{"line":24,"column":48}},"loc":{"start":{"line":24,"column":67},"end":{"line":35,"column":1}},"line":24}},"branchMap":{"0":{"loc":{"start":{"line":14,"column":2},"end":{"line":20,"column":3}},"type":"if","locations":[{"start":{"line":14,"column":2},"end":{"line":20,"column":3}},{"start":{"line":16,"column":9},"end":{"line":20,"column":3}}],"line":14},"1":{"loc":{"start":{"line":16,"column":9},"end":{"line":20,"column":3}},"type":"if","locations":[{"start":{"line":16,"column":9},"end":{"line":20,"column":3}},{"start":{"line":18,"column":9},"end":{"line":20,"column":3}}],"line":16},"2":{"loc":{"start":{"line":25,"column":2},"end":{"line":34,"column":3}},"type":"switch","locations":[{"start":{"line":26,"column":4},"end":{"line":27,"column":17}},{"start":{"line":28,"column":4},"end":{"line":29,"column":17}},{"start":{"line":30,"column":4},"end":{"line":31,"column":18}},{"start":{"line":32,"column":4},"end":{"line":33,"column":15}}],"line":25}},"s":{"0":1,"1":1,"2":1,"3":1,"4":0,"5":0,"6":0,"7":0,"8":0,"9":0,"10":1,"11":4,"12":1,"13":1,"14":1,"15":1,"16":1,"17":1},"f":{"0":0,"1":4},"b":{"0":[0,0],"1":[0,0],"2":[1,1,1,1]},"_coverageSchema":"1a1c01bbd47fc00a2c39e90264f33305004495a9","hash":"69dbb9f121ca7c6d3e779a3b32c4d4df7b778c85"}
,"C:\\Users\\admin\\OneDrive\\Máy tính\\epark-be\\models\\customerCard.model.js": {"path":"C:\\Users\\admin\\OneDrive\\Máy tính\\epark-be\\models\\customerCard.model.js","statementMap":{},"fnMap":{},"branchMap":{},"s":{},"f":{},"b":{}}
,"C:\\Users\\admin\\OneDrive\\Máy tính\\epark-be\\models\\equipment.model.js": {"path":"C:\\Users\\admin\\OneDrive\\Máy tính\\epark-be\\models\\equipment.model.js","statementMap":{"0":{"start":{"line":2,"column":17},"end":{"line":2,"column":36}},"1":{"start":{"line":3,"column":27},"end":{"line":3,"column":64}},"2":{"start":{"line":5,"column":24},"end":{"line":39,"column":1}},"3":{"start":{"line":41,"column":0},"end":{"line":41,"column":62}}},"fnMap":{},"branchMap":{},"s":{"0":0,"1":0,"2":0,"3":0},"f":{},"b":{}}
,"C:\\Users\\admin\\OneDrive\\Máy tính\\epark-be\\models\\event.model.js": {"path":"C:\\Users\\admin\\OneDrive\\Máy tính\\epark-be\\models\\event.model.js","statementMap":{"0":{"start":{"line":2,"column":17},"end":{"line":2,"column":36}},"1":{"start":{"line":3,"column":15},"end":{"line":3,"column":41}},"2":{"start":{"line":5,"column":20},"end":{"line":39,"column":1}},"3":{"start":{"line":11,"column":8},"end":{"line":13,"column":17}},"4":{"start":{"line":20,"column":8},"end":{"line":22,"column":17}},"5":{"start":{"line":62,"column":0},"end":{"line":62,"column":54}}},"fnMap":{"0":{"name":"(anonymous_0)","decl":{"start":{"line":10,"column":11},"end":{"line":10,"column":12}},"loc":{"start":{"line":10,"column":27},"end":{"line":14,"column":7}},"line":10},"1":{"name":"(anonymous_1)","decl":{"start":{"line":19,"column":11},"end":{"line":19,"column":12}},"loc":{"start":{"line":19,"column":27},"end":{"line":23,"column":7}},"line":19}},"branchMap":{"0":{"loc":{"start":{"line":11,"column":15},"end":{"line":13,"column":16}},"type":"cond-expr","locations":[{"start":{"line":12,"column":12},"end":{"line":12,"column":74}},{"start":{"line":13,"column":12},"end":{"line":13,"column":16}}],"line":11},"1":{"loc":{"start":{"line":20,"column":15},"end":{"line":22,"column":16}},"type":"cond-expr","locations":[{"start":{"line":21,"column":12},"end":{"line":21,"column":74}},{"start":{"line":22,"column":12},"end":{"line":22,"column":16}}],"line":20}},"s":{"0":0,"1":0,"2":0,"3":0,"4":0,"5":0},"f":{"0":0,"1":0},"b":{"0":[0,0],"1":[0,0]}}
,"C:\\Users\\admin\\OneDrive\\Máy tính\\epark-be\\models\\feedback.model.js": {"path":"C:\\Users\\admin\\OneDrive\\Máy tính\\epark-be\\models\\feedback.model.js","statementMap":{"0":{"start":{"line":2,"column":17},"end":{"line":2,"column":36}},"1":{"start":{"line":4,"column":23},"end":{"line":17,"column":2}},"2":{"start":{"line":19,"column":0},"end":{"line":19,"column":60}}},"fnMap":{},"branchMap":{},"s":{"0":0,"1":0,"2":0},"f":{},"b":{}}
,"C:\\Users\\admin\\OneDrive\\Máy tính\\epark-be\\models\\generalUser.model.js": {"path":"C:\\Users\\admin\\OneDrive\\Máy tính\\epark-be\\models\\generalUser.model.js","statementMap":{"0":{"start":{"line":2,"column":17},"end":{"line":2,"column":36}},"1":{"start":{"line":3,"column":15},"end":{"line":3,"column":34}},"2":{"start":{"line":4,"column":15},"end":{"line":4,"column":30}},"3":{"start":{"line":6,"column":26},"end":{"line":55,"column":1}},"4":{"start":{"line":19,"column":29},"end":{"line":19,"column":66}},"5":{"start":{"line":20,"column":10},"end":{"line":20,"column":40}},"6":{"start":{"line":23,"column":10},"end":{"line":23,"column":108}},"7":{"start":{"line":37,"column":10},"end":{"line":37,"column":36}},"8":{"start":{"line":40,"column":10},"end":{"line":40,"column":86}},"9":{"start":{"line":58,"column":0},"end":{"line":62,"column":3}},"10":{"start":{"line":59,"column":2},"end":{"line":59,"column":50}},"11":{"start":{"line":59,"column":36},"end":{"line":59,"column":50}},"12":{"start":{"line":60,"column":2},"end":{"line":60,"column":55}},"13":{"start":{"line":61,"column":2},"end":{"line":61,"column":9}},"14":{"start":{"line":65,"column":0},"end":{"line":67,"column":2}},"15":{"start":{"line":66,"column":2},"end":{"line":66,"column":64}},"16":{"start":{"line":70,"column":0},"end":{"line":75,"column":3}},"17":{"start":{"line":71,"column":2},"end":{"line":73,"column":3}},"18":{"start":{"line":72,"column":4},"end":{"line":72,"column":49}},"19":{"start":{"line":74,"column":2},"end":{"line":74,"column":9}},"20":{"start":{"line":78,"column":0},"end":{"line":93,"column":3}},"21":{"start":{"line":79,"column":2},"end":{"line":91,"column":3}},"22":{"start":{"line":81,"column":4},"end":{"line":83,"column":31}},"23":{"start":{"line":86,"column":4},"end":{"line":90,"column":5}},"24":{"start":{"line":87,"column":6},"end":{"line":87,"column":57}},"25":{"start":{"line":88,"column":11},"end":{"line":90,"column":5}},"26":{"start":{"line":89,"column":6},"end":{"line":89,"column":57}},"27":{"start":{"line":92,"column":2},"end":{"line":92,"column":9}},"28":{"start":{"line":95,"column":0},"end":{"line":95,"column":66}}},"fnMap":{"0":{"name":"(anonymous_0)","decl":{"start":{"line":15,"column":19},"end":{"line":15,"column":20}},"loc":{"start":{"line":15,"column":36},"end":{"line":21,"column":9}},"line":15},"1":{"name":"(anonymous_1)","decl":{"start":{"line":22,"column":17},"end":{"line":22,"column":18}},"loc":{"start":{"line":23,"column":10},"end":{"line":23,"column":108}},"line":23},"2":{"name":"(anonymous_2)","decl":{"start":{"line":36,"column":19},"end":{"line":36,"column":20}},"loc":{"start":{"line":36,"column":36},"end":{"line":38,"column":9}},"line":36},"3":{"name":"(anonymous_3)","decl":{"start":{"line":39,"column":17},"end":{"line":39,"column":18}},"loc":{"start":{"line":40,"column":10},"end":{"line":40,"column":86}},"line":40},"4":{"name":"(anonymous_4)","decl":{"start":{"line":58,"column":30},"end":{"line":58,"column":31}},"loc":{"start":{"line":58,"column":52},"end":{"line":62,"column":1}},"line":58},"5":{"name":"(anonymous_5)","decl":{"start":{"line":65,"column":44},"end":{"line":65,"column":45}},"loc":{"start":{"line":65,"column":79},"end":{"line":67,"column":1}},"line":65},"6":{"name":"(anonymous_6)","decl":{"start":{"line":70,"column":30},"end":{"line":70,"column":31}},"loc":{"start":{"line":70,"column":46},"end":{"line":75,"column":1}},"line":70},"7":{"name":"(anonymous_7)","decl":{"start":{"line":78,"column":30},"end":{"line":78,"column":31}},"loc":{"start":{"line":78,"column":46},"end":{"line":93,"column":1}},"line":78}},"branchMap":{"0":{"loc":{"start":{"line":59,"column":2},"end":{"line":59,"column":50}},"type":"if","locations":[{"start":{"line":59,"column":2},"end":{"line":59,"column":50}},{"start":{},"end":{}}],"line":59},"1":{"loc":{"start":{"line":71,"column":2},"end":{"line":73,"column":3}},"type":"if","locations":[{"start":{"line":71,"column":2},"end":{"line":73,"column":3}},{"start":{},"end":{}}],"line":71},"2":{"loc":{"start":{"line":79,"column":2},"end":{"line":91,"column":3}},"type":"if","locations":[{"start":{"line":79,"column":2},"end":{"line":91,"column":3}},{"start":{},"end":{}}],"line":79},"3":{"loc":{"start":{"line":86,"column":4},"end":{"line":90,"column":5}},"type":"if","locations":[{"start":{"line":86,"column":4},"end":{"line":90,"column":5}},{"start":{"line":88,"column":11},"end":{"line":90,"column":5}}],"line":86},"4":{"loc":{"start":{"line":88,"column":11},"end":{"line":90,"column":5}},"type":"if","locations":[{"start":{"line":88,"column":11},"end":{"line":90,"column":5}},{"start":{},"end":{}}],"line":88}},"s":{"0":1,"1":1,"2":1,"3":1,"4":11,"5":11,"6":11,"7":10,"8":0,"9":1,"10":0,"11":0,"12":0,"13":0,"14":1,"15":0,"16":1,"17":0,"18":0,"19":0,"20":1,"21":0,"22":0,"23":0,"24":0,"25":0,"26":0,"27":0,"28":1},"f":{"0":11,"1":11,"2":10,"3":0,"4":0,"5":0,"6":0,"7":0},"b":{"0":[0,0],"1":[0,0],"2":[0,0],"3":[0,0],"4":[0,0]},"_coverageSchema":"1a1c01bbd47fc00a2c39e90264f33305004495a9","hash":"f45eedc43de06e9c72454e4348dec01dbc4f63e4"}
,"C:\\Users\\admin\\OneDrive\\Máy tính\\epark-be\\models\\invoice.model.js": {"path":"C:\\Users\\admin\\OneDrive\\Máy tính\\epark-be\\models\\invoice.model.js","statementMap":{"0":{"start":{"line":2,"column":17},"end":{"line":2,"column":36}},"1":{"start":{"line":4,"column":22},"end":{"line":26,"column":1}},"2":{"start":{"line":28,"column":0},"end":{"line":28,"column":58}}},"fnMap":{},"branchMap":{},"s":{"0":0,"1":0,"2":0},"f":{},"b":{}}
,"C:\\Users\\admin\\OneDrive\\Máy tính\\epark-be\\models\\invoiceBooking.model.js": {"path":"C:\\Users\\admin\\OneDrive\\Máy tính\\epark-be\\models\\invoiceBooking.model.js","statementMap":{"0":{"start":{"line":2,"column":17},"end":{"line":2,"column":36}},"1":{"start":{"line":3,"column":16},"end":{"line":3,"column":42}},"2":{"start":{"line":5,"column":29},"end":{"line":29,"column":2}},"3":{"start":{"line":31,"column":23},"end":{"line":34,"column":1}},"4":{"start":{"line":36,"column":0},"end":{"line":36,"column":32}}},"fnMap":{},"branchMap":{},"s":{"0":0,"1":0,"2":0,"3":0,"4":0},"f":{},"b":{}}
,"C:\\Users\\admin\\OneDrive\\Máy tính\\epark-be\\models\\invoiceMaintenance.model.js": {"path":"C:\\Users\\admin\\OneDrive\\Máy tính\\epark-be\\models\\invoiceMaintenance.model.js","statementMap":{"0":{"start":{"line":2,"column":17},"end":{"line":2,"column":36}},"1":{"start":{"line":3,"column":16},"end":{"line":3,"column":42}},"2":{"start":{"line":5,"column":33},"end":{"line":27,"column":2}},"3":{"start":{"line":29,"column":27},"end":{"line":32,"column":1}},"4":{"start":{"line":34,"column":0},"end":{"line":34,"column":36}}},"fnMap":{},"branchMap":{},"s":{"0":0,"1":0,"2":0,"3":0,"4":0},"f":{},"b":{}}
,"C:\\Users\\admin\\OneDrive\\Máy tính\\epark-be\\models\\playgroundManager.model.js": {"path":"C:\\Users\\admin\\OneDrive\\Máy tính\\epark-be\\models\\playgroundManager.model.js","statementMap":{"0":{"start":{"line":2,"column":17},"end":{"line":2,"column":36}},"1":{"start":{"line":3,"column":20},"end":{"line":3,"column":58}},"2":{"start":{"line":5,"column":0},"end":{"line":7,"column":4}}},"fnMap":{},"branchMap":{},"s":{"0":0,"1":0,"2":0},"f":{},"b":{}}
,"C:\\Users\\admin\\OneDrive\\Máy tính\\epark-be\\models\\staff.model.js": {"path":"C:\\Users\\admin\\OneDrive\\Máy tính\\epark-be\\models\\staff.model.js","statementMap":{"0":{"start":{"line":2,"column":17},"end":{"line":2,"column":36}},"1":{"start":{"line":3,"column":15},"end":{"line":3,"column":30}},"2":{"start":{"line":4,"column":20},"end":{"line":4,"column":50}},"3":{"start":{"line":6,"column":0},"end":{"line":8,"column":4}}},"fnMap":{},"branchMap":{},"s":{"0":0,"1":0,"2":0,"3":0},"f":{},"b":{}}
,"C:\\Users\\admin\\OneDrive\\Máy tính\\epark-be\\models\\supplier.model.js": {"path":"C:\\Users\\admin\\OneDrive\\Máy tính\\epark-be\\models\\supplier.model.js","statementMap":{"0":{"start":{"line":2,"column":17},"end":{"line":2,"column":36}},"1":{"start":{"line":4,"column":23},"end":{"line":47,"column":2}},"2":{"start":{"line":17,"column":8},"end":{"line":17,"column":34}},"3":{"start":{"line":20,"column":8},"end":{"line":20,"column":84}},"4":{"start":{"line":32,"column":27},"end":{"line":32,"column":64}},"5":{"start":{"line":33,"column":8},"end":{"line":33,"column":38}},"6":{"start":{"line":36,"column":8},"end":{"line":36,"column":106}},"7":{"start":{"line":49,"column":0},"end":{"line":54,"column":3}},"8":{"start":{"line":50,"column":2},"end":{"line":52,"column":3}},"9":{"start":{"line":51,"column":4},"end":{"line":51,"column":49}},"10":{"start":{"line":53,"column":2},"end":{"line":53,"column":9}},"11":{"start":{"line":57,"column":0},"end":{"line":72,"column":3}},"12":{"start":{"line":58,"column":2},"end":{"line":70,"column":3}},"13":{"start":{"line":60,"column":4},"end":{"line":62,"column":31}},"14":{"start":{"line":65,"column":4},"end":{"line":69,"column":5}},"15":{"start":{"line":66,"column":6},"end":{"line":66,"column":57}},"16":{"start":{"line":67,"column":11},"end":{"line":69,"column":5}},"17":{"start":{"line":68,"column":6},"end":{"line":68,"column":57}},"18":{"start":{"line":71,"column":2},"end":{"line":71,"column":9}},"19":{"start":{"line":74,"column":0},"end":{"line":74,"column":60}}},"fnMap":{"0":{"name":"(anonymous_0)","decl":{"start":{"line":15,"column":17},"end":{"line":15,"column":18}},"loc":{"start":{"line":15,"column":34},"end":{"line":18,"column":7}},"line":15},"1":{"name":"(anonymous_1)","decl":{"start":{"line":19,"column":15},"end":{"line":19,"column":16}},"loc":{"start":{"line":20,"column":8},"end":{"line":20,"column":84}},"line":20},"2":{"name":"(anonymous_2)","decl":{"start":{"line":28,"column":17},"end":{"line":28,"column":18}},"loc":{"start":{"line":28,"column":34},"end":{"line":34,"column":7}},"line":28},"3":{"name":"(anonymous_3)","decl":{"start":{"line":35,"column":15},"end":{"line":35,"column":16}},"loc":{"start":{"line":36,"column":8},"end":{"line":36,"column":106}},"line":36},"4":{"name":"(anonymous_4)","decl":{"start":{"line":49,"column":27},"end":{"line":49,"column":28}},"loc":{"start":{"line":49,"column":43},"end":{"line":54,"column":1}},"line":49},"5":{"name":"(anonymous_5)","decl":{"start":{"line":57,"column":27},"end":{"line":57,"column":28}},"loc":{"start":{"line":57,"column":43},"end":{"line":72,"column":1}},"line":57}},"branchMap":{"0":{"loc":{"start":{"line":50,"column":2},"end":{"line":52,"column":3}},"type":"if","locations":[{"start":{"line":50,"column":2},"end":{"line":52,"column":3}},{"start":{},"end":{}}],"line":50},"1":{"loc":{"start":{"line":58,"column":2},"end":{"line":70,"column":3}},"type":"if","locations":[{"start":{"line":58,"column":2},"end":{"line":70,"column":3}},{"start":{},"end":{}}],"line":58},"2":{"loc":{"start":{"line":65,"column":4},"end":{"line":69,"column":5}},"type":"if","locations":[{"start":{"line":65,"column":4},"end":{"line":69,"column":5}},{"start":{"line":67,"column":11},"end":{"line":69,"column":5}}],"line":65},"3":{"loc":{"start":{"line":67,"column":11},"end":{"line":69,"column":5}},"type":"if","locations":[{"start":{"line":67,"column":11},"end":{"line":69,"column":5}},{"start":{},"end":{}}],"line":67}},"s":{"0":0,"1":0,"2":0,"3":0,"4":0,"5":0,"6":0,"7":0,"8":0,"9":0,"10":0,"11":0,"12":0,"13":0,"14":0,"15":0,"16":0,"17":0,"18":0,"19":0},"f":{"0":0,"1":0,"2":0,"3":0,"4":0,"5":0},"b":{"0":[0,0],"1":[0,0],"2":[0,0],"3":[0,0]}}
,"C:\\Users\\admin\\OneDrive\\Máy tính\\epark-be\\models\\ticket.model.js": {"path":"C:\\Users\\admin\\OneDrive\\Máy tính\\epark-be\\models\\ticket.model.js","statementMap":{"0":{"start":{"line":2,"column":17},"end":{"line":2,"column":36}},"1":{"start":{"line":3,"column":21},"end":{"line":19,"column":2}},"2":{"start":{"line":21,"column":0},"end":{"line":21,"column":56}}},"fnMap":{},"branchMap":{},"s":{"0":0,"1":0,"2":0},"f":{},"b":{}}
,"C:\\Users\\admin\\OneDrive\\Máy tính\\epark-be\\models\\type.model.js": {"path":"C:\\Users\\admin\\OneDrive\\Máy tính\\epark-be\\models\\type.model.js","statementMap":{"0":{"start":{"line":2,"column":17},"end":{"line":2,"column":36}},"1":{"start":{"line":3,"column":19},"end":{"line":10,"column":2}},"2":{"start":{"line":12,"column":0},"end":{"line":12,"column":52}}},"fnMap":{},"branchMap":{},"s":{"0":0,"1":0,"2":0},"f":{},"b":{}}
}
