TN:
SF:controllers\customerCard.controller.js
FNF:0
FNH:0
LF:0
LH:0
BRF:0
BRH:0
end_of_record
TN:
SF:controllers\equipment.controller.js
FN:7,(anonymous_0)
FN:16,(anonymous_1)
FN:26,(anonymous_2)
FN:36,(anonymous_3)
FN:79,(anonymous_4)
FN:96,(anonymous_5)
FN:111,(anonymous_6)
FN:125,(anonymous_7)
FN:136,(anonymous_8)
FN:174,(anonymous_9)
FN:192,(anonymous_10)
FN:194,(anonymous_11)
FN:207,(anonymous_12)
FN:224,(anonymous_13)
FN:259,(anonymous_14)
FNF:15
FNH:0
FNDA:0,(anonymous_0)
FNDA:0,(anonymous_1)
FNDA:0,(anonymous_2)
FNDA:0,(anonymous_3)
FNDA:0,(anonymous_4)
FNDA:0,(anonymous_5)
FNDA:0,(anonymous_6)
FNDA:0,(anonymous_7)
FNDA:0,(anonymous_8)
FNDA:0,(anonymous_9)
FNDA:0,(anonymous_10)
FNDA:0,(anonymous_11)
FNDA:0,(anonymous_12)
FNDA:0,(anonymous_13)
FNDA:0,(anonymous_14)
DA:2,0
DA:3,0
DA:4,0
DA:5,0
DA:7,0
DA:8,0
DA:9,0
DA:10,0
DA:12,0
DA:16,0
DA:17,0
DA:18,0
DA:19,0
DA:20,0
DA:22,0
DA:26,0
DA:27,0
DA:28,0
DA:29,0
DA:30,0
DA:32,0
DA:36,0
DA:37,0
DA:38,0
DA:40,0
DA:42,0
DA:43,0
DA:44,0
DA:45,0
DA:47,0
DA:48,0
DA:53,0
DA:55,0
DA:59,0
DA:60,0
DA:65,0
DA:75,0
DA:79,0
DA:80,0
DA:81,0
DA:82,0
DA:84,0
DA:85,0
DA:88,0
DA:90,0
DA:92,0
DA:96,0
DA:97,0
DA:98,0
DA:99,0
DA:101,0
DA:102,0
DA:105,0
DA:107,0
DA:111,0
DA:112,0
DA:113,0
DA:114,0
DA:117,0
DA:118,0
DA:119,0
DA:123,0
DA:124,0
DA:125,0
DA:129,0
DA:136,0
DA:149,0
DA:151,0
DA:168,0
DA:170,0
DA:174,0
DA:175,0
DA:176,0
DA:178,0
DA:179,0
DA:184,0
DA:185,0
DA:186,0
DA:192,0
DA:193,0
DA:194,0
DA:199,0
DA:207,0
DA:221,0
DA:224,0
DA:225,0
DA:237,0
DA:239,0
DA:251,0
DA:252,0
DA:259,0
DA:260,0
DA:261,0
DA:262,0
DA:263,0
DA:264,0
DA:269,0
DA:270,0
DA:271,0
DA:276,0
DA:283,0
LF:101
LH:0
BRDA:51,0,0,0
BRDA:51,0,1,0
BRDA:59,1,0,0
BRDA:59,1,1,0
BRDA:84,2,0,0
BRDA:84,2,1,0
BRDA:101,3,0,0
BRDA:101,3,1,0
BRDA:113,4,0,0
BRDA:113,4,1,0
BRDA:113,5,0,0
BRDA:113,5,1,0
BRDA:113,5,2,0
BRDA:118,6,0,0
BRDA:118,6,1,0
BRDA:125,7,0,0
BRDA:125,7,1,0
BRDA:141,8,0,0
BRDA:141,8,1,0
BRDA:178,9,0,0
BRDA:178,9,1,0
BRDA:178,10,0,0
BRDA:178,10,1,0
BRDA:178,10,2,0
BRDA:185,11,0,0
BRDA:185,11,1,0
BRDA:204,12,0,0
BRDA:204,12,1,0
BRDA:206,13,0,0
BRDA:206,13,1,0
BRDA:212,14,0,0
BRDA:212,14,1,0
BRDA:229,15,0,0
BRDA:229,15,1,0
BRDA:230,16,0,0
BRDA:230,16,1,0
BRDA:246,17,0,0
BRDA:246,17,1,0
BRDA:263,18,0,0
BRDA:263,18,1,0
BRF:40
BRH:0
end_of_record
TN:
SF:controllers\event.controller.js
FN:5,(anonymous_0)
FN:14,(anonymous_1)
FN:24,(anonymous_2)
FN:57,(anonymous_3)
FN:74,(anonymous_4)
FN:89,(anonymous_5)
FN:106,(anonymous_6)
FN:129,(anonymous_7)
FN:152,(anonymous_8)
FNF:9
FNH:0
FNDA:0,(anonymous_0)
FNDA:0,(anonymous_1)
FNDA:0,(anonymous_2)
FNDA:0,(anonymous_3)
FNDA:0,(anonymous_4)
FNDA:0,(anonymous_5)
FNDA:0,(anonymous_6)
FNDA:0,(anonymous_7)
FNDA:0,(anonymous_8)
DA:2,0
DA:3,0
DA:5,0
DA:6,0
DA:7,0
DA:8,0
DA:10,0
DA:14,0
DA:15,0
DA:16,0
DA:17,0
DA:18,0
DA:20,0
DA:24,0
DA:25,0
DA:26,0
DA:29,0
DA:30,0
DA:33,0
DA:34,0
DA:41,0
DA:42,0
DA:49,0
DA:51,0
DA:53,0
DA:57,0
DA:58,0
DA:59,0
DA:60,0
DA:62,0
DA:63,0
DA:66,0
DA:68,0
DA:70,0
DA:74,0
DA:75,0
DA:76,0
DA:77,0
DA:79,0
DA:80,0
DA:83,0
DA:85,0
DA:89,0
DA:90,0
DA:92,0
DA:93,0
DA:96,0
DA:100,0
DA:102,0
DA:106,0
DA:107,0
DA:109,0
DA:112,0
DA:115,0
DA:121,0
DA:122,0
DA:129,0
DA:130,0
DA:132,0
DA:135,0
DA:138,0
DA:144,0
DA:145,0
DA:152,0
DA:153,0
DA:154,0
DA:157,0
DA:158,0
DA:166,0
DA:170,0
DA:173,0
DA:180,0
DA:181,0
DA:188,0
DA:194,0
DA:195,0
DA:217,0
LF:77
LH:0
BRDA:33,0,0,0
BRDA:33,0,1,0
BRDA:33,1,0,0
BRDA:33,1,1,0
BRDA:41,2,0,0
BRDA:41,2,1,0
BRDA:62,3,0,0
BRDA:62,3,1,0
BRDA:79,4,0,0
BRDA:79,4,1,0
BRDA:157,5,0,0
BRDA:157,5,1,0
BRDA:180,6,0,0
BRDA:180,6,1,0
BRF:14
BRH:0
end_of_record
TN:
SF:controllers\feedback.controller.js
FNF:0
FNH:0
LF:0
LH:0
BRF:0
BRH:0
end_of_record
TN:
SF:controllers\generalUser.controller.js
FN:12,(anonymous_0)
FN:17,(anonymous_1)
FN:38,(anonymous_2)
FN:65,(anonymous_3)
FN:112,(anonymous_4)
FN:154,(anonymous_5)
FN:177,(anonymous_6)
FN:224,(anonymous_7)
FNF:8
FNH:0
FNDA:0,(anonymous_0)
FNDA:0,(anonymous_1)
FNDA:0,(anonymous_2)
FNDA:0,(anonymous_3)
FNDA:0,(anonymous_4)
FNDA:0,(anonymous_5)
FNDA:0,(anonymous_6)
FNDA:0,(anonymous_7)
DA:4,0
DA:5,0
DA:6,0
DA:7,0
DA:9,0
DA:12,0
DA:13,0
DA:17,0
DA:18,0
DA:19,0
DA:20,0
DA:22,0
DA:23,0
DA:26,0
DA:27,0
DA:33,0
DA:38,0
DA:39,0
DA:40,0
DA:44,0
DA:45,0
DA:54,0
DA:60,0
DA:65,0
DA:66,0
DA:67,0
DA:70,0
DA:72,0
DA:73,0
DA:75,0
DA:76,0
DA:77,0
DA:78,0
DA:80,0
DA:81,0
DA:83,0
DA:84,0
DA:86,0
DA:93,0
DA:94,0
DA:95,0
DA:96,0
DA:98,0
DA:104,0
DA:112,0
DA:113,0
DA:114,0
DA:115,0
DA:118,0
DA:119,0
DA:125,0
DA:132,0
DA:133,0
DA:140,0
DA:141,0
DA:143,0
DA:149,0
DA:154,0
DA:155,0
DA:156,0
DA:160,0
DA:161,0
DA:167,0
DA:173,0
DA:177,0
DA:178,0
DA:179,0
DA:180,0
DA:182,0
DA:183,0
DA:189,0
DA:190,0
DA:196,0
DA:197,0
DA:203,0
DA:206,0
DA:207,0
DA:208,0
DA:210,0
DA:220,0
DA:224,0
DA:225,0
DA:226,0
DA:227,0
DA:228,0
DA:229,0
DA:231,0
DA:232,0
DA:234,0
DA:292,0
LF:90
LH:0
BRDA:22,0,0,0
BRDA:22,0,1,0
BRDA:22,1,0,0
BRDA:22,1,1,0
BRDA:44,2,0,0
BRDA:44,2,1,0
BRDA:70,3,0,0
BRDA:70,3,1,0
BRDA:70,3,2,0
BRDA:70,3,3,0
BRDA:70,3,4,0
BRDA:118,4,0,0
BRDA:118,4,1,0
BRDA:132,5,0,0
BRDA:132,5,1,0
BRDA:160,6,0,0
BRDA:160,6,1,0
BRDA:182,7,0,0
BRDA:182,7,1,0
BRDA:189,8,0,0
BRDA:189,8,1,0
BRDA:196,9,0,0
BRDA:196,9,1,0
BRDA:196,10,0,0
BRDA:196,10,1,0
BRDA:228,11,0,0
BRDA:228,11,1,0
BRDA:231,12,0,0
BRDA:231,12,1,0
BRF:29
BRH:0
end_of_record
TN:
SF:controllers\invoice.controller.js
FN:8,(anonymous_0)
FN:17,(anonymous_1)
FN:27,(anonymous_2)
FN:46,(anonymous_3)
FN:60,(anonymous_4)
FN:85,(anonymous_5)
FN:105,(anonymous_6)
FN:122,(anonymous_7)
FN:137,(anonymous_8)
FNF:9
FNH:0
FNDA:0,(anonymous_0)
FNDA:0,(anonymous_1)
FNDA:0,(anonymous_2)
FNDA:0,(anonymous_3)
FNDA:0,(anonymous_4)
FNDA:0,(anonymous_5)
FNDA:0,(anonymous_6)
FNDA:0,(anonymous_7)
FNDA:0,(anonymous_8)
DA:2,0
DA:3,0
DA:4,0
DA:5,0
DA:6,0
DA:8,0
DA:9,0
DA:10,0
DA:11,0
DA:13,0
DA:17,0
DA:18,0
DA:19,0
DA:20,0
DA:21,0
DA:23,0
DA:27,0
DA:28,0
DA:29,0
DA:37,0
DA:38,0
DA:39,0
DA:41,0
DA:42,0
DA:46,0
DA:47,0
DA:50,0
DA:52,0
DA:54,0
DA:56,0
DA:60,0
DA:76,0
DA:77,0
DA:78,0
DA:80,0
DA:85,0
DA:96,0
DA:98,0
DA:101,0
DA:105,0
DA:106,0
DA:107,0
DA:108,0
DA:110,0
DA:111,0
DA:114,0
DA:116,0
DA:118,0
DA:122,0
DA:123,0
DA:124,0
DA:125,0
DA:127,0
DA:128,0
DA:131,0
DA:133,0
DA:137,0
DA:138,0
DA:139,0
DA:141,0
DA:142,0
DA:146,0
DA:147,0
DA:150,0
DA:152,0
DA:156,0
LF:66
LH:0
BRDA:54,0,0,0
BRDA:54,0,1,0
BRDA:78,1,0,0
BRDA:78,1,1,0
BRDA:110,2,0,0
BRDA:110,2,1,0
BRDA:127,3,0,0
BRDA:127,3,1,0
BRDA:146,4,0,0
BRDA:146,4,1,0
BRF:10
BRH:0
end_of_record
TN:
SF:controllers\payment.controller.js
FN:4,(anonymous_0)
FN:50,(anonymous_1)
FNF:2
FNH:0
FNDA:0,(anonymous_0)
FNDA:0,(anonymous_1)
DA:1,0
DA:2,0
DA:4,0
DA:5,0
DA:6,0
DA:7,0
DA:9,0
DA:10,0
DA:16,0
DA:18,0
DA:27,0
DA:29,0
DA:34,0
DA:42,0
DA:43,0
DA:50,0
DA:51,0
DA:52,0
DA:54,0
DA:57,0
DA:58,0
DA:82,0
DA:83,0
DA:84,0
DA:90,0
DA:91,0
DA:93,0
DA:95,0
DA:96,0
DA:103,0
LF:30
LH:0
BRDA:9,0,0,0
BRDA:9,0,1,0
BRDA:57,1,0,0
BRDA:57,1,1,0
BRDA:83,2,0,0
BRDA:83,2,1,0
BRDA:90,3,0,0
BRDA:90,3,1,0
BRF:8
BRH:0
end_of_record
TN:
SF:controllers\payment2.controller.js
FN:5,(anonymous_0)
FN:54,(anonymous_1)
FN:79,(anonymous_2)
FN:109,(anonymous_3)
FN:142,(anonymous_4)
FN:181,(anonymous_5)
FNF:6
FNH:0
FNDA:0,(anonymous_0)
FNDA:0,(anonymous_1)
FNDA:0,(anonymous_2)
FNDA:0,(anonymous_3)
FNDA:0,(anonymous_4)
FNDA:0,(anonymous_5)
DA:1,0
DA:2,0
DA:3,0
DA:5,0
DA:6,0
DA:7,0
DA:8,0
DA:10,0
DA:11,0
DA:17,0
DA:25,0
DA:27,0
DA:32,0
DA:46,0
DA:47,0
DA:54,0
DA:55,0
DA:56,0
DA:57,0
DA:59,0
DA:60,0
DA:66,0
DA:71,0
DA:72,0
DA:79,0
DA:80,0
DA:81,0
DA:82,0
DA:84,0
DA:89,0
DA:90,0
DA:96,0
DA:101,0
DA:102,0
DA:109,0
DA:110,0
DA:112,0
DA:115,0
DA:116,0
DA:118,0
DA:127,0
DA:133,0
DA:142,0
DA:143,0
DA:144,0
DA:145,0
DA:147,0
DA:148,0
DA:150,0
DA:151,0
DA:152,0
DA:159,0
DA:160,0
DA:161,0
DA:167,0
DA:168,0
DA:169,0
DA:171,0
DA:173,0
DA:174,0
DA:181,0
DA:182,0
DA:184,0
DA:187,0
DA:189,0
DA:198,0
DA:199,0
DA:206,0
LF:68
LH:0
BRDA:10,0,0,0
BRDA:10,0,1,0
BRDA:59,1,0,0
BRDA:59,1,1,0
BRDA:89,2,0,0
BRDA:89,2,1,0
BRDA:137,3,0,0
BRDA:137,3,1,0
BRDA:147,4,0,0
BRDA:147,4,1,0
BRDA:151,5,0,0
BRDA:151,5,1,0
BRDA:160,6,0,0
BRDA:160,6,1,0
BRDA:167,7,0,0
BRDA:167,7,1,0
BRDA:193,8,0,0
BRDA:193,8,1,0
BRF:18
BRH:0
end_of_record
TN:
SF:controllers\report.controller.js
FN:7,(anonymous_0)
FN:80,(anonymous_1)
FN:126,(anonymous_2)
FN:241,(anonymous_3)
FN:292,(anonymous_4)
FN:296,(anonymous_5)
FNF:6
FNH:0
FNDA:0,(anonymous_0)
FNDA:0,(anonymous_1)
FNDA:0,(anonymous_2)
FNDA:0,(anonymous_3)
FNDA:0,(anonymous_4)
FNDA:0,(anonymous_5)
DA:1,0
DA:2,0
DA:3,0
DA:4,0
DA:7,0
DA:8,0
DA:9,0
DA:12,0
DA:13,0
DA:15,0
DA:16,0
DA:23,0
DA:40,0
DA:56,0
DA:72,0
DA:73,0
DA:80,0
DA:81,0
DA:82,0
DA:84,0
DA:85,0
DA:87,0
DA:126,0
DA:127,0
DA:134,0
DA:142,0
DA:143,0
DA:241,0
DA:242,0
DA:243,0
DA:245,0
DA:246,0
DA:248,0
DA:290,0
DA:292,0
DA:296,0
DA:302,0
DA:310,0
DA:311,0
DA:318,0
LF:40
LH:0
BRDA:15,0,0,0
BRDA:15,0,1,0
BRDA:15,1,0,0
BRDA:15,1,1,0
BRDA:60,2,0,0
BRDA:60,2,1,0
BRDA:61,3,0,0
BRDA:61,3,1,0
BRDA:64,4,0,0
BRDA:64,4,1,0
BRDA:65,5,0,0
BRDA:65,5,1,0
BRDA:68,6,0,0
BRDA:68,6,1,0
BRDA:68,7,0,0
BRDA:68,7,1,0
BRDA:128,8,0,0
BRDA:128,8,1,0
BRDA:129,9,0,0
BRDA:129,9,1,0
BRDA:130,10,0,0
BRDA:130,10,1,0
BRF:22
BRH:0
end_of_record
TN:
SF:controllers\supplier.controller.js
FN:4,(anonymous_0)
FN:13,(anonymous_1)
FN:23,(anonymous_2)
FN:32,(anonymous_3)
FN:49,(anonymous_4)
FNF:5
FNH:0
FNDA:0,(anonymous_0)
FNDA:0,(anonymous_1)
FNDA:0,(anonymous_2)
FNDA:0,(anonymous_3)
FNDA:0,(anonymous_4)
DA:2,0
DA:4,0
DA:5,0
DA:6,0
DA:7,0
DA:9,0
DA:13,0
DA:14,0
DA:15,0
DA:16,0
DA:17,0
DA:19,0
DA:23,0
DA:24,0
DA:25,0
DA:26,0
DA:28,0
DA:32,0
DA:33,0
DA:34,0
DA:35,0
DA:37,0
DA:38,0
DA:41,0
DA:43,0
DA:45,0
DA:49,0
DA:50,0
DA:51,0
DA:52,0
DA:54,0
DA:55,0
DA:58,0
DA:60,0
DA:64,0
LF:35
LH:0
BRDA:37,0,0,0
BRDA:37,0,1,0
BRDA:54,1,0,0
BRDA:54,1,1,0
BRF:4
BRH:0
end_of_record
TN:
SF:controllers\ticket.controller.js
FN:15,(anonymous_0)
FN:24,(anonymous_1)
FN:34,(anonymous_2)
FN:43,(anonymous_3)
FN:60,(anonymous_4)
FN:75,(anonymous_5)
FN:229,(anonymous_6)
FN:360,(anonymous_7)
FNF:8
FNH:0
FNDA:0,(anonymous_0)
FNDA:0,(anonymous_1)
FNDA:0,(anonymous_2)
FNDA:0,(anonymous_3)
FNDA:0,(anonymous_4)
FNDA:0,(anonymous_5)
FNDA:0,(anonymous_6)
FNDA:0,(anonymous_7)
DA:2,0
DA:3,0
DA:4,0
DA:8,0
DA:9,0
DA:10,0
DA:11,0
DA:12,0
DA:13,0
DA:15,0
DA:16,0
DA:17,0
DA:18,0
DA:20,0
DA:24,0
DA:25,0
DA:26,0
DA:27,0
DA:28,0
DA:30,0
DA:34,0
DA:35,0
DA:36,0
DA:37,0
DA:39,0
DA:43,0
DA:44,0
DA:45,0
DA:46,0
DA:48,0
DA:49,0
DA:52,0
DA:54,0
DA:56,0
DA:60,0
DA:61,0
DA:62,0
DA:63,0
DA:65,0
DA:66,0
DA:69,0
DA:71,0
DA:75,0
DA:229,0
DA:230,0
DA:232,0
DA:233,0
DA:234,0
DA:239,0
DA:240,0
DA:241,0
DA:247,0
DA:248,0
DA:249,0
DA:254,0
DA:255,0
DA:260,0
DA:261,0
DA:262,0
DA:264,0
DA:266,0
DA:269,0
DA:276,0
DA:278,0
DA:283,0
DA:302,0
DA:324,0
DA:327,0
DA:330,0
DA:338,0
DA:353,0
DA:360,0
DA:361,0
DA:362,0
DA:363,0
DA:364,0
DA:369,0
DA:370,0
DA:371,0
DA:376,0
DA:377,0
DA:383,0
DA:384,0
DA:385,0
DA:387,0
DA:388,0
DA:392,0
DA:394,0
DA:398,0
DA:409,0
DA:427,0
DA:430,0
DA:433,0
DA:435,0
DA:450,0
DA:457,0
LF:96
LH:0
BRDA:48,0,0,0
BRDA:48,0,1,0
BRDA:65,1,0,0
BRDA:65,1,1,0
BRDA:233,2,0,0
BRDA:233,2,1,0
BRDA:233,3,0,0
BRDA:233,3,1,0
BRDA:240,4,0,0
BRDA:240,4,1,0
BRDA:248,5,0,0
BRDA:248,5,1,0
BRDA:255,6,0,0
BRDA:255,6,1,0
BRDA:255,7,0,0
BRDA:255,7,1,0
BRDA:363,8,0,0
BRDA:363,8,1,0
BRDA:363,9,0,0
BRDA:363,9,1,0
BRDA:370,10,0,0
BRDA:370,10,1,0
BRDA:377,11,0,0
BRDA:377,11,1,0
BRDA:377,12,0,0
BRDA:377,12,1,0
BRF:26
BRH:0
end_of_record
TN:
SF:controllers\type.controller.js
FN:4,(anonymous_0)
FN:13,(anonymous_1)
FN:23,(anonymous_2)
FN:32,(anonymous_3)
FN:49,(anonymous_4)
FNF:5
FNH:0
FNDA:0,(anonymous_0)
FNDA:0,(anonymous_1)
FNDA:0,(anonymous_2)
FNDA:0,(anonymous_3)
FNDA:0,(anonymous_4)
DA:2,0
DA:4,0
DA:5,0
DA:6,0
DA:7,0
DA:9,0
DA:13,0
DA:14,0
DA:15,0
DA:16,0
DA:17,0
DA:19,0
DA:23,0
DA:24,0
DA:25,0
DA:26,0
DA:28,0
DA:32,0
DA:33,0
DA:34,0
DA:35,0
DA:37,0
DA:38,0
DA:41,0
DA:43,0
DA:45,0
DA:49,0
DA:50,0
DA:51,0
DA:52,0
DA:54,0
DA:55,0
DA:58,0
DA:60,0
DA:64,0
LF:35
LH:0
BRDA:37,0,0,0
BRDA:37,0,1,0
BRDA:54,1,0,0
BRDA:54,1,1,0
BRF:4
BRH:0
end_of_record
TN:
SF:models\customer.model.js
FN:13,(anonymous_0)
FN:24,(anonymous_1)
FNF:2
FNH:1
FNDA:0,(anonymous_0)
FNDA:4,(anonymous_1)
DA:1,1
DA:2,1
DA:4,1
DA:13,1
DA:14,0
DA:15,0
DA:16,0
DA:17,0
DA:19,0
DA:21,0
DA:24,1
DA:25,4
DA:27,1
DA:29,1
DA:31,1
DA:33,1
DA:37,1
DA:39,1
LF:18
LH:12
BRDA:14,0,0,0
BRDA:14,0,1,0
BRDA:16,1,0,0
BRDA:16,1,1,0
BRDA:25,2,0,1
BRDA:25,2,1,1
BRDA:25,2,2,1
BRDA:25,2,3,1
BRF:8
BRH:4
end_of_record
TN:
SF:models\customerCard.model.js
FNF:0
FNH:0
LF:0
LH:0
BRF:0
BRH:0
end_of_record
TN:
SF:models\equipment.model.js
FNF:0
FNH:0
DA:2,0
DA:3,0
DA:5,0
DA:41,0
LF:4
LH:0
BRF:0
BRH:0
end_of_record
TN:
SF:models\event.model.js
FN:10,(anonymous_0)
FN:19,(anonymous_1)
FNF:2
FNH:0
FNDA:0,(anonymous_0)
FNDA:0,(anonymous_1)
DA:2,0
DA:3,0
DA:5,0
DA:11,0
DA:20,0
DA:62,0
LF:6
LH:0
BRDA:11,0,0,0
BRDA:11,0,1,0
BRDA:20,1,0,0
BRDA:20,1,1,0
BRF:4
BRH:0
end_of_record
TN:
SF:models\feedback.model.js
FNF:0
FNH:0
DA:2,0
DA:4,0
DA:19,0
LF:3
LH:0
BRF:0
BRH:0
end_of_record
TN:
SF:models\generalUser.model.js
FN:15,(anonymous_0)
FN:22,(anonymous_1)
FN:36,(anonymous_2)
FN:39,(anonymous_3)
FN:58,(anonymous_4)
FN:65,(anonymous_5)
FN:70,(anonymous_6)
FN:78,(anonymous_7)
FNF:8
FNH:3
FNDA:11,(anonymous_0)
FNDA:11,(anonymous_1)
FNDA:10,(anonymous_2)
FNDA:0,(anonymous_3)
FNDA:0,(anonymous_4)
FNDA:0,(anonymous_5)
FNDA:0,(anonymous_6)
FNDA:0,(anonymous_7)
DA:2,1
DA:3,1
DA:4,1
DA:6,1
DA:19,11
DA:20,11
DA:23,11
DA:37,10
DA:40,0
DA:58,1
DA:59,0
DA:60,0
DA:61,0
DA:65,1
DA:66,0
DA:70,1
DA:71,0
DA:72,0
DA:74,0
DA:78,1
DA:79,0
DA:81,0
DA:86,0
DA:87,0
DA:88,0
DA:89,0
DA:92,0
DA:95,1
LF:28
LH:13
BRDA:59,0,0,0
BRDA:59,0,1,0
BRDA:71,1,0,0
BRDA:71,1,1,0
BRDA:79,2,0,0
BRDA:79,2,1,0
BRDA:86,3,0,0
BRDA:86,3,1,0
BRDA:88,4,0,0
BRDA:88,4,1,0
BRF:10
BRH:0
end_of_record
TN:
SF:models\invoice.model.js
FNF:0
FNH:0
DA:2,0
DA:4,0
DA:28,0
LF:3
LH:0
BRF:0
BRH:0
end_of_record
TN:
SF:models\invoiceBooking.model.js
FNF:0
FNH:0
DA:2,0
DA:3,0
DA:5,0
DA:31,0
DA:36,0
LF:5
LH:0
BRF:0
BRH:0
end_of_record
TN:
SF:models\invoiceMaintenance.model.js
FNF:0
FNH:0
DA:2,0
DA:3,0
DA:5,0
DA:29,0
DA:34,0
LF:5
LH:0
BRF:0
BRH:0
end_of_record
TN:
SF:models\playgroundManager.model.js
FNF:0
FNH:0
DA:2,0
DA:3,0
DA:5,0
LF:3
LH:0
BRF:0
BRH:0
end_of_record
TN:
SF:models\staff.model.js
FNF:0
FNH:0
DA:2,0
DA:3,0
DA:4,0
DA:6,0
LF:4
LH:0
BRF:0
BRH:0
end_of_record
TN:
SF:models\supplier.model.js
FN:15,(anonymous_0)
FN:19,(anonymous_1)
FN:28,(anonymous_2)
FN:35,(anonymous_3)
FN:49,(anonymous_4)
FN:57,(anonymous_5)
FNF:6
FNH:0
FNDA:0,(anonymous_0)
FNDA:0,(anonymous_1)
FNDA:0,(anonymous_2)
FNDA:0,(anonymous_3)
FNDA:0,(anonymous_4)
FNDA:0,(anonymous_5)
DA:2,0
DA:4,0
DA:17,0
DA:20,0
DA:32,0
DA:33,0
DA:36,0
DA:49,0
DA:50,0
DA:51,0
DA:53,0
DA:57,0
DA:58,0
DA:60,0
DA:65,0
DA:66,0
DA:67,0
DA:68,0
DA:71,0
DA:74,0
LF:20
LH:0
BRDA:50,0,0,0
BRDA:50,0,1,0
BRDA:58,1,0,0
BRDA:58,1,1,0
BRDA:65,2,0,0
BRDA:65,2,1,0
BRDA:67,3,0,0
BRDA:67,3,1,0
BRF:8
BRH:0
end_of_record
TN:
SF:models\ticket.model.js
FNF:0
FNH:0
DA:2,0
DA:3,0
DA:21,0
LF:3
LH:0
BRF:0
BRH:0
end_of_record
TN:
SF:models\type.model.js
FNF:0
FNH:0
DA:2,0
DA:3,0
DA:12,0
LF:3
LH:0
BRF:0
BRH:0
end_of_record
